<?xml version="1.0" encoding="UTF-8"?>
<testng-results ignored="0" total="2" passed="2" failed="0" skipped="0">
  <reporter-output>
  </reporter-output>
  <suite started-at="2021-11-27T07:04:12 ICT" name="Regression" finished-at="2021-11-27T07:04:47 ICT" duration-ms="35075">
    <groups>
    </groups>
    <test started-at="2021-11-27T07:04:12 ICT" name="signup" finished-at="2021-11-27T07:04:32 ICT" duration-ms="20271">
      <class name="test.authentication.SignUpTest">
        <test-method is-config="true" signature="beforeClass()[pri:0, instance:test.authentication.SignUpTest@7ce3cb8e]" started-at="2021-11-27T07:04:12 ICT" name="beforeClass" finished-at="2021-11-27T07:04:12 ICT" duration-ms="8" status="PASS">
          <reporter-output>
          </reporter-output>
        </test-method> <!-- beforeClass -->
        <test-method signature="SignUp()[pri:0, instance:test.authentication.SignUpTest@7ce3cb8e]" started-at="2021-11-27T07:04:12 ICT" name="SignUp" finished-at="2021-11-27T07:04:32 ICT" duration-ms="20239" status="PASS">
          <reporter-output>
          </reporter-output>
        </test-method> <!-- SignUp -->
        <test-method is-config="true" signature="afterClass()[pri:0, instance:test.authentication.SignUpTest@7ce3cb8e]" started-at="2021-11-27T07:04:32 ICT" name="afterClass" finished-at="2021-11-27T07:04:32 ICT" duration-ms="0" status="PASS">
          <reporter-output>
          </reporter-output>
        </test-method> <!-- afterClass -->
      </class> <!-- test.authentication.SignUpTest -->
    </test> <!-- signup -->
    <test started-at="2021-11-27T07:04:32 ICT" name="authentication" finished-at="2021-11-27T07:04:47 ICT" duration-ms="14781">
      <class name="test.authentication.LoginTest">
        <test-method is-config="true" signature="beforeClass()[pri:0, instance:test.authentication.LoginTest@63355449]" started-at="2021-11-27T07:04:32 ICT" name="beforeClass" finished-at="2021-11-27T07:04:32 ICT" duration-ms="0" status="PASS">
          <reporter-output>
          </reporter-output>
        </test-method> <!-- beforeClass -->
        <test-method signature="loginWithCorrectCreds()[pri:0, instance:test.authentication.LoginTest@63355449]" started-at="2021-11-27T07:04:32 ICT" name="loginWithCorrectCreds" finished-at="2021-11-27T07:04:47 ICT" duration-ms="14780" status="PASS">
          <reporter-output>
          </reporter-output>
        </test-method> <!-- loginWithCorrectCreds -->
        <test-method is-config="true" signature="afterClass()[pri:0, instance:test.authentication.LoginTest@63355449]" started-at="2021-11-27T07:04:47 ICT" name="afterClass" finished-at="2021-11-27T07:04:47 ICT" duration-ms="0" status="PASS">
          <reporter-output>
          </reporter-output>
        </test-method> <!-- afterClass -->
      </class> <!-- test.authentication.LoginTest -->
    </test> <!-- authentication -->
  </suite> <!-- Regression -->
</testng-results>
