<?xml version="1.0" encoding="UTF-8"?>
<testsuite xmlns:xsi="http://www.w3.org/2001/XMLSchema-instance" xsi:noNamespaceSchemaLocation="https://maven.apache.org/surefire/maven-surefire-plugin/xsd/surefire-test-report-3.0.xsd" version="3.0" name="TestSuite" time="35.445" tests="2" errors="0" skipped="0" failures="0">
  <properties>
[...]
</properties>
  <testcase name="SignUp" classname="test.authentication.SignUpTest" time="20.24">
    <system-out><![CDATA[&amp#27;[35m[Appium]&amp#27;[39m Welcome to Appium v1.22.0
&amp#27;[35m[Appium]&amp#27;[39m Non-default server args:
&amp#27;[35m[Appium]&amp#27;[39m   address: 127.0.0.1
&amp#27;[35m[Appium]&amp#27;[39m   port: 28840
&amp#27;[35m[Appium]&amp#27;[39m   allowInsecure: {
&amp#27;[35m[Appium]&amp#27;[39m     0: chromedriver_autodownload
&amp#27;[35m[Appium]&amp#27;[39m   }
&amp#27;[35m[Appium]&amp#27;[39m Appium REST http interface listener started on 127.0.0.1:28840
&amp#27;[35m[HTTP]&amp#27;[39m &amp#27;[37m-->&amp#27;[39m &amp#27;[37mGET&amp#27;[39m &amp#27;[37m/wd/hub/status&amp#27;[39m
&amp#27;[35m[HTTP]&amp#27;[39m &amp#27;[90m{}&amp#27;[39m
[debug] &amp#27;[35m[GENERIC]&amp#27;[39m Calling AppiumDriver.getStatus() with args: []
[debug] &amp#27;[35m[GENERIC]&amp#27;[39m Responding to client with driver.getStatus() result: {"build":{"version":"1.22.0"}}
&amp#27;[35m[HTTP]&amp#27;[39m &amp#27;[37m<-- GET /wd/hub/status &amp#27;[39m&amp#27;[32m200&amp#27;[39m &amp#27;[90m4 ms - 68&amp#27;[39m
&amp#27;[35m[HTTP]&amp#27;[39m &amp#27;[90m&amp#27;[39m
[debug] &amp#27;[35m[HTTP]&amp#27;[39m Request idempotency key: 2a6a6247-087e-438e-8d60-9f34d59a8f46
&amp#27;[35m[HTTP]&amp#27;[39m &amp#27;[37m-->&amp#27;[39m &amp#27;[37mPOST&amp#27;[39m &amp#27;[37m/wd/hub/session&amp#27;[39m
&amp#27;[35m[HTTP]&amp#27;[39m &amp#27;[90m{"desiredCapabilities":{"appActivity":"com.wdiodemoapp.MainActivity","appPackage":"com.wdiodemoapp","newCommandTimeout":120,"automationName":"uiautomator2","platformName":"Android","udid":"emulator-5554","avd":"android_28"},"capabilities":{"firstMatch":[{"appium:appActivity":"com.wdiodemoapp.MainActivity","appium:appPackage":"com.wdiodemoapp","appium:automationName":"uiautomator2","appium:avd":"android_28","appium:newCommandTimeout":120,"platformName":"android","appium:udid":"emulator-5554"}]}}&amp#27;[39m
[debug] &amp#27;[35m[W3C]&amp#27;[39m Calling AppiumDriver.createSession() with args: [{"appActivity":"com.wdiodemoapp.MainActivity","appPackage":"com.wdiodemoapp","newCommandTimeout":120,"automationName":"uiautomator2","platformName":"Android","udid":"emulator-5554","avd":"android_28"},null,{"firstMatch":[{"appium:appActivity":"com.wdiodemoapp.MainActivity","appium:appPackage":"com.wdiodemoapp","appium:automationName":"uiautomator2","appium:avd":"android_28","appium:newCommandTimeout":120,"platformName":"android","appium:udid":"emulator-5554"}]}]
[debug] &amp#27;[35m[BaseDriver]&amp#27;[39m Event 'newSessionRequested' logged at 1637971454638 (07:04:14 GMT+0700 (Indochina Time))
&amp#27;[35m[Appium]&amp#27;[39m Appium v1.22.0 creating new AndroidUiautomator2Driver (v1.69.0) session
&amp#27;[35m[Appium]&amp#27;[39m Explicitly enabling use of insecure features:
&amp#27;[35m[Appium]&amp#27;[39m     chromedriver_autodownload
[debug] &amp#27;[35m[BaseDriver]&amp#27;[39m W3C capabilities and MJSONWP desired capabilities were provided
[debug] &amp#27;[35m[BaseDriver]&amp#27;[39m Creating session with W3C capabilities: {
[debug] &amp#27;[35m[BaseDriver]&amp#27;[39m   "alwaysMatch": {
[debug] &amp#27;[35m[BaseDriver]&amp#27;[39m     "platformName": "android",
[debug] &amp#27;[35m[BaseDriver]&amp#27;[39m     "appium:appActivity": "com.wdiodemoapp.MainActivity",
[debug] &amp#27;[35m[BaseDriver]&amp#27;[39m     "appium:appPackage": "com.wdiodemoapp",
[debug] &amp#27;[35m[BaseDriver]&amp#27;[39m     "appium:automationName": "uiautomator2",
[debug] &amp#27;[35m[BaseDriver]&amp#27;[39m     "appium:avd": "android_28",
[debug] &amp#27;[35m[BaseDriver]&amp#27;[39m     "appium:newCommandTimeout": 120,
[debug] &amp#27;[35m[BaseDriver]&amp#27;[39m     "appium:udid": "emulator-5554"
[debug] &amp#27;[35m[BaseDriver]&amp#27;[39m   },
[debug] &amp#27;[35m[BaseDriver]&amp#27;[39m   "firstMatch": [
[debug] &amp#27;[35m[BaseDriver]&amp#27;[39m     {}
[debug] &amp#27;[35m[BaseDriver]&amp#27;[39m   ]
[debug] &amp#27;[35m[BaseDriver]&amp#27;[39m }
&amp#27;[35m[BaseDriver]&amp#27;[39m Session created with session id: c0287309-168a-443a-9143-5ceedef20174
&amp#27;[35m[UiAutomator2]&amp#27;[39m Starting 'com.wdiodemoapp' directly on the device
&amp#27;[35m[ADB]&amp#27;[39m Found 3 'build-tools' folders under 'C:\Android\sdk' (newest first):
&amp#27;[35m[ADB]&amp#27;[39m     C:/Android/sdk/build-tools/30.0.2
&amp#27;[35m[ADB]&amp#27;[39m     C:/Android/sdk/build-tools/29.0.2
&amp#27;[35m[ADB]&amp#27;[39m     C:/Android/sdk/build-tools/28.0.3
&amp#27;[35m[ADB]&amp#27;[39m Using 'adb.exe' from 'C:\Android\sdk\platform-tools\adb.exe'
[debug] &amp#27;[35m[ADB]&amp#27;[39m Running 'C:\Android\sdk\platform-tools\adb.exe -P 5037 start-server'
[debug] &amp#27;[35m[ADB]&amp#27;[39m Trying to find 'android_28' emulator
[debug] &amp#27;[35m[ADB]&amp#27;[39m Getting connected emulators
[debug] &amp#27;[35m[ADB]&amp#27;[39m Getting connected devices
[debug] &amp#27;[35m[ADB]&amp#27;[39m No connected devices have been detected
[debug] &amp#27;[35m[ADB]&amp#27;[39m 0 emulators connected
[debug] &amp#27;[35m[ADB]&amp#27;[39m Emulator 'android_28' not running
[debug] &amp#27;[35m[ADB]&amp#27;[39m Launching Emulator with AVD android_28, launchTimeout 60000ms and readyTimeout 60000ms
&amp#27;[35m[ADB]&amp#27;[39m Using 'emulator.exe' from 'C:\Android\sdk\emulator\emulator.exe'
[debug] &amp#27;[35m[ADB]&amp#27;[39m Running 'C:\Android\sdk\emulator\emulator.exe' with args: -avd android_28 -delay-adb
[debug] &amp#27;[35m[ADB]&amp#27;[39m Trying to find 'android_28' emulator
[debug] &amp#27;[35m[ADB]&amp#27;[39m Getting connected emulators
[debug] &amp#27;[35m[ADB]&amp#27;[39m Getting connected devices
[debug] &amp#27;[35m[ADB]&amp#27;[39m No connected devices have been detected
[debug] &amp#27;[35m[ADB]&amp#27;[39m 0 emulators connected
[debug] &amp#27;[35m[ADB]&amp#27;[39m Emulator 'android_28' not running
&amp#27;[35m[ADB]&amp#27;[39m [AVD OUTPUT] ERROR   | Failed to open /qemu.conf, err: 2
&amp#27;[35m[ADB]&amp#27;[39m [AVD OUTPUT] INFO    | configAndStartRenderer: setting vsync to 60 hz
&amp#27;[35m[ADB]&amp#27;[39m [AVD OUTPUT] INFO    | added library vulkan-1.dll
&amp#27;[35m[ADB]&amp#27;[39m [AVD OUTPUT] Windows Hypervisor Platform accelerator is operational
[debug] &amp#27;[35m[ADB]&amp#27;[39m Trying to find 'android_28' emulator
[debug] &amp#27;[35m[ADB]&amp#27;[39m Getting connected emulators
[debug] &amp#27;[35m[ADB]&amp#27;[39m Getting connected devices
[debug] &amp#27;[35m[ADB]&amp#27;[39m No connected devices have been detected
[debug] &amp#27;[35m[ADB]&amp#27;[39m 0 emulators connected
[debug] &amp#27;[35m[ADB]&amp#27;[39m Emulator 'android_28' not running
&amp#27;[35m[ADB]&amp#27;[39m [AVD OUTPUT] INFO    | Started GRPC server at 127.0.0.1:8554, security: L
&amp#27;[35m[ADB]&amp#27;[39m [AVD OUTPUT] ocal
&amp#27;[35m[ADB]&amp#27;[39m [AVD OUTPUT] INFO    | Advertising in: C:\Users\dhtanh\AppData\Local\Temp\avd\running\pid_6784.ini
[debug] &amp#27;[35m[ADB]&amp#27;[39m Trying to find 'android_28' emulator
[debug] &amp#27;[35m[ADB]&amp#27;[39m Getting connected emulators
[debug] &amp#27;[35m[ADB]&amp#27;[39m Getting connected devices
[debug] &amp#27;[35m[ADB]&amp#27;[39m Connected devices: [{"udid":"emulator-5554","state":"device"}]
[debug] &amp#27;[35m[ADB]&amp#27;[39m 1 emulator connected
[debug] &amp#27;[35m[ADB]&amp#27;[39m Overriding C:\Users\dhtanh\.emulator_console_auth_token with an empty string to avoid telnet authentication for emulator commands
[debug] &amp#27;[35m[ADB]&amp#27;[39m Executing Emulator console command: avd name
[debug] &amp#27;[35m[ADB]&amp#27;[39m Found emulator 'android_28' on port 5554
[debug] &amp#27;[35m[ADB]&amp#27;[39m Setting device id to emulator-5554
[debug] &amp#27;[35m[ADB]&amp#27;[39m Running 'C:\Android\sdk\platform-tools\adb.exe -P 5037 -s emulator-5554 wait-for-device'
&amp#27;[35m[AndroidDriver]&amp#27;[39m Using device: emulator-5554
&amp#27;[35m[ADB]&amp#27;[39m Using 'adb.exe' from 'C:\Android\sdk\platform-tools\adb.exe'
[debug] &amp#27;[35m[ADB]&amp#27;[39m Running 'C:\Android\sdk\platform-tools\adb.exe -P 5037 start-server'
[debug] &amp#27;[35m[ADB]&amp#27;[39m Setting device id to emulator-5554
[debug] &amp#27;[35m[ADB]&amp#27;[39m Running 'C:\Android\sdk\platform-tools\adb.exe -P 5037 -s emulator-5554 shell getprop ro.build.version.sdk'
[debug] &amp#27;[35m[ADB]&amp#27;[39m Current device property 'ro.build.version.sdk': 28
&amp#27;[35m[ADB]&amp#27;[39m Getting device platform version
[debug] &amp#27;[35m[ADB]&amp#27;[39m Running 'C:\Android\sdk\platform-tools\adb.exe -P 5037 -s emulator-5554 shell getprop ro.build.version.release'
[debug] &amp#27;[35m[ADB]&amp#27;[39m Current device property 'ro.build.version.release': 9
[debug] &amp#27;[35m[ADB]&amp#27;[39m Device API level: 28
&amp#27;[35m[UiAutomator2]&amp#27;[39m Relaxing hidden api policy
[debug] &amp#27;[35m[ADB]&amp#27;[39m Running 'C:\Android\sdk\platform-tools\adb.exe -P 5037 -s emulator-5554 shell 'settings put global hidden_api_policy_pre_p_apps 1;settings put global hidden_api_policy_p_apps 1;settings put global hidden_api_policy 1''
&amp#27;[35m[AndroidDriver]&amp#27;[39m No app sent in, not parsing package/activity
[debug] &amp#27;[35m[ADB]&amp#27;[39m Running 'C:\Android\sdk\platform-tools\adb.exe -P 5037 -s emulator-5554 wait-for-device'
[debug] &amp#27;[35m[ADB]&amp#27;[39m Running 'C:\Android\sdk\platform-tools\adb.exe -P 5037 -s emulator-5554 shell echo ping'
[debug] &amp#27;[35m[AndroidDriver]&amp#27;[39m Pushing settings apk to device...
[debug] &amp#27;[35m[ADB]&amp#27;[39m Getting install status for io.appium.settings
[debug] &amp#27;[35m[ADB]&amp#27;[39m Running 'C:\Android\sdk\platform-tools\adb.exe -P 5037 -s emulator-5554 shell dumpsys package io.appium.settings'
[debug] &amp#27;[35m[ADB]&amp#27;[39m 'io.appium.settings' is installed
[debug] &amp#27;[35m[ADB]&amp#27;[39m Getting package info for 'io.appium.settings'
[debug] &amp#27;[35m[ADB]&amp#27;[39m Running 'C:\Android\sdk\platform-tools\adb.exe -P 5037 -s emulator-5554 shell dumpsys package io.appium.settings'
[debug] &amp#27;[35m[ADB]&amp#27;[39m The version name of the installed 'io.appium.settings' is greater or equal to the application version name ('3.4.0' >= '3.4.0')
[debug] &amp#27;[35m[ADB]&amp#27;[39m There is no need to install/upgrade 'C:\Users\dhtanh\AppData\Roaming\npm\node_modules\appium\node_modules\io.appium.settings\apks\settings_apk-debug.apk'
[debug] &amp#27;[35m[ADB]&amp#27;[39m Getting IDs of all 'io.appium.settings' processes
[debug] &amp#27;[35m[ADB]&amp#27;[39m Running 'C:\Android\sdk\platform-tools\adb.exe -P 5037 -s emulator-5554 shell 'pgrep --help; echo $?''
[debug] &amp#27;[35m[ADB]&amp#27;[39m Running 'C:\Android\sdk\platform-tools\adb.exe -P 5037 -s emulator-5554 shell pgrep -f \(\[\[:blank:\]\]\|\^\)io\.appium\.settings\(\[\[:blank:\]\]\|\$\)'
[debug] &amp#27;[35m[AndroidDriver]&amp#27;[39m io.appium.settings is already running. There is no need to reset its permissions.
[debug] &amp#27;[35m[Logcat]&amp#27;[39m Starting logs capture with command: C:\\Android\\sdk\\platform-tools\\adb.exe -P 5037 -s emulator-5554 logcat -v threadtime
[debug] &amp#27;[35m[UiAutomator2]&amp#27;[39m Forwarding UiAutomator2 Server port 6790 to local port 8200
[debug] &amp#27;[35m[ADB]&amp#27;[39m Forwarding system: 8200 to device: 6790
[debug] &amp#27;[35m[ADB]&amp#27;[39m Running 'C:\Android\sdk\platform-tools\adb.exe -P 5037 -s emulator-5554 forward tcp:8200 tcp:6790'
[debug] &amp#27;[35m[ADB]&amp#27;[39m Getting install status for io.appium.uiautomator2.server
[debug] &amp#27;[35m[ADB]&amp#27;[39m Running 'C:\Android\sdk\platform-tools\adb.exe -P 5037 -s emulator-5554 shell dumpsys package io.appium.uiautomator2.server'
[debug] &amp#27;[35m[ADB]&amp#27;[39m 'io.appium.uiautomator2.server' is installed
[debug] &amp#27;[35m[ADB]&amp#27;[39m Getting package info for 'io.appium.uiautomator2.server'
[debug] &amp#27;[35m[ADB]&amp#27;[39m Running 'C:\Android\sdk\platform-tools\adb.exe -P 5037 -s emulator-5554 shell dumpsys package io.appium.uiautomator2.server'
[debug] &amp#27;[35m[ADB]&amp#27;[39m The version name of the installed 'io.appium.uiautomator2.server' is greater or equal to the application version name ('4.24.0' >= '4.24.0')
[debug] &amp#27;[35m[UiAutomator2]&amp#27;[39m io.appium.uiautomator2.server installation state: sameVersionInstalled
[debug] &amp#27;[35m[ADB]&amp#27;[39m Checking app cert for C:\Users\dhtanh\AppData\Roaming\npm\node_modules\appium\node_modules\appium-uiautomator2-server\apks\appium-uiautomator2-server-v4.24.0.apk
&amp#27;[35m[ADB]&amp#27;[39m Using 'apksigner.jar' from 'C:\Android\sdk\build-tools\30.0.2\lib\apksigner.jar'
[debug] &amp#27;[35m[ADB]&amp#27;[39m Starting apksigner: 'C:\\Program Files\\Java\\jdk-16.0.2\\bin\\java.exe' -Xmx1024M -Xss1m -jar C:\\Android\\sdk\\build-tools\\30.0.2\\lib\\apksigner.jar verify --print-certs C:\\Users\\dhtanh\\AppData\\Roaming\\npm\\node_modules\\appium\\node_modules\\appium-uiautomator2-server\\apks\\appium-uiautomator2-server-v4.24.0.apk
[debug] &amp#27;[35m[ADB]&amp#27;[39m apksigner stdout: Signer #1 certificate DN: EMAILADDRESS=android@android.com, CN=Android, OU=Android, O=Android, L=Mountain View, ST=California, C=US
[debug] &amp#27;[35m[ADB]&amp#27;[39m Signer #1 certificate SHA-256 digest: a40da80a59d170caa950cf15c18c454d47a39b26989d8b640ecd745ba71bf5dc
[debug] &amp#27;[35m[ADB]&amp#27;[39m Signer #1 certificate SHA-1 digest: 61ed377e85d386a8dfee6b864bd85b0bfaa5af81
[debug] &amp#27;[35m[ADB]&amp#27;[39m Signer #1 certificate MD5 digest: e89b158e4bcf988ebd09eb83f5378e87
[debug] &amp#27;[35m[ADB]&amp#27;[39m 
[debug] &amp#27;[35m[ADB]&amp#27;[39m sha256 hash did match for 'appium-uiautomator2-server-v4.24.0.apk'
&amp#27;[35m[ADB]&amp#27;[39m 'C:\Users\dhtanh\AppData\Roaming\npm\node_modules\appium\node_modules\appium-uiautomator2-server\apks\appium-uiautomator2-server-v4.24.0.apk' is signed with the default certificate
[debug] &amp#27;[35m[ADB]&amp#27;[39m Getting install status for io.appium.uiautomator2.server.test
[debug] &amp#27;[35m[ADB]&amp#27;[39m Running 'C:\Android\sdk\platform-tools\adb.exe -P 5037 -s emulator-5554 shell dumpsys package io.appium.uiautomator2.server.test'
[debug] &amp#27;[35m[ADB]&amp#27;[39m 'io.appium.uiautomator2.server.test' is installed
[debug] &amp#27;[35m[ADB]&amp#27;[39m Checking app cert for C:\Users\dhtanh\AppData\Roaming\npm\node_modules\appium\node_modules\appium-uiautomator2-server\apks\appium-uiautomator2-server-debug-androidTest.apk
[debug] &amp#27;[35m[ADB]&amp#27;[39m Starting apksigner: 'C:\\Program Files\\Java\\jdk-16.0.2\\bin\\java.exe' -Xmx1024M -Xss1m -jar C:\\Android\\sdk\\build-tools\\30.0.2\\lib\\apksigner.jar verify --print-certs C:\\Users\\dhtanh\\AppData\\Roaming\\npm\\node_modules\\appium\\node_modules\\appium-uiautomator2-server\\apks\\appium-uiautomator2-server-debug-androidTest.apk
[debug] &amp#27;[35m[ADB]&amp#27;[39m apksigner stdout: Signer #1 certificate DN: EMAILADDRESS=android@android.com, CN=Android, OU=Android, O=Android, L=Mountain View, ST=California, C=US
[debug] &amp#27;[35m[ADB]&amp#27;[39m Signer #1 certificate SHA-256 digest: a40da80a59d170caa950cf15c18c454d47a39b26989d8b640ecd745ba71bf5dc
[debug] &amp#27;[35m[ADB]&amp#27;[39m Signer #1 certificate SHA-1 digest: 61ed377e85d386a8dfee6b864bd85b0bfaa5af81
[debug] &amp#27;[35m[ADB]&amp#27;[39m Signer #1 certificate MD5 digest: e89b158e4bcf988ebd09eb83f5378e87
[debug] &amp#27;[35m[ADB]&amp#27;[39m 
[debug] &amp#27;[35m[ADB]&amp#27;[39m sha256 hash did match for 'appium-uiautomator2-server-debug-androidTest.apk'
&amp#27;[35m[ADB]&amp#27;[39m 'C:\Users\dhtanh\AppData\Roaming\npm\node_modules\appium\node_modules\appium-uiautomator2-server\apks\appium-uiautomator2-server-debug-androidTest.apk' is signed with the default certificate
&amp#27;[35m[UiAutomator2]&amp#27;[39m Server packages are not going to be (re)installed
[debug] &amp#27;[35m[UiAutomator2]&amp#27;[39m Waiting up to 30000ms for services to be available
[debug] &amp#27;[35m[ADB]&amp#27;[39m Running 'C:\Android\sdk\platform-tools\adb.exe -P 5037 -s emulator-5554 shell pm list instrumentation'
[debug] &amp#27;[35m[UiAutomator2]&amp#27;[39m Instrumentation target 'io.appium.uiautomator2.server.test/androidx.test.runner.AndroidJUnitRunner' is available
&amp#27;[35m[ADB]&amp#27;[39m Adding packages ["io.appium.settings","io.appium.uiautomator2.server","io.appium.uiautomator2.server.test"] to Doze whitelist
[debug] &amp#27;[35m[ADB]&amp#27;[39m Got the following command chunks to execute: [["dumpsys","deviceidle","whitelist","+io.appium.settings",";","dumpsys","deviceidle","whitelist","+io.appium.uiautomator2.server",";","dumpsys","deviceidle","whitelist","+io.appium.uiautomator2.server.test",";"]]
[debug] &amp#27;[35m[ADB]&amp#27;[39m Running 'C:\Android\sdk\platform-tools\adb.exe -P 5037 -s emulator-5554 shell dumpsys deviceidle whitelist +io.appium.settings ; dumpsys deviceidle whitelist +io.appium.uiautomator2.server ; dumpsys deviceidle whitelist +io.appium.uiautomator2.server.test ;'
[debug] &amp#27;[35m[UiAutomator2]&amp#27;[39m No app capability. Assuming it is already on the device
[debug] &amp#27;[35m[ADB]&amp#27;[39m Getting install status for com.wdiodemoapp
[debug] &amp#27;[35m[ADB]&amp#27;[39m Running 'C:\Android\sdk\platform-tools\adb.exe -P 5037 -s emulator-5554 shell dumpsys package com.wdiodemoapp'
[debug] &amp#27;[35m[ADB]&amp#27;[39m 'com.wdiodemoapp' is installed
[debug] &amp#27;[35m[ADB]&amp#27;[39m Running 'C:\Android\sdk\platform-tools\adb.exe -P 5037 -s emulator-5554 shell am force-stop com.wdiodemoapp'
[debug] &amp#27;[35m[ADB]&amp#27;[39m Running 'C:\Android\sdk\platform-tools\adb.exe -P 5037 -s emulator-5554 shell pm clear com.wdiodemoapp'
[debug] &amp#27;[35m[AndroidDriver]&amp#27;[39m Performed fast reset on the installed 'com.wdiodemoapp' application (stop and clear)
[debug] &amp#27;[35m[UiAutomator2]&amp#27;[39m Performing shallow cleanup of automation leftovers
[debug] &amp#27;[35m[UiAutomator2]&amp#27;[39m The following obsolete sessions are still running: ["279975e2-137c-4854-9763-cfce5fa48669"]
[debug] &amp#27;[35m[UiAutomator2]&amp#27;[39m Cleaning up 1 obsolete session
[debug] &amp#27;[35m[ADB]&amp#27;[39m Running 'C:\Android\sdk\platform-tools\adb.exe -P 5037 -s emulator-5554 shell am force-stop io.appium.uiautomator2.server.test'
&amp#27;[35m[UiAutomator2]&amp#27;[39m Starting UIAutomator2 server 4.24.0
&amp#27;[35m[UiAutomator2]&amp#27;[39m Using UIAutomator2 server from 'C:\Users\dhtanh\AppData\Roaming\npm\node_modules\appium\node_modules\appium-uiautomator2-server\apks\appium-uiautomator2-server-v4.24.0.apk' and test from 'C:\Users\dhtanh\AppData\Roaming\npm\node_modules\appium\node_modules\appium-uiautomator2-server\apks\appium-uiautomator2-server-debug-androidTest.apk'
&amp#27;[35m[UiAutomator2]&amp#27;[39m Waiting up to 30000ms for UiAutomator2 to be online...
[debug] &amp#27;[35m[ADB]&amp#27;[39m Creating ADB subprocess with args: ["-P",5037,"-s","emulator-5554","shell","am","instrument","-w","-e","disableAnalytics",true,"io.appium.uiautomator2.server.test/androidx.test.runner.AndroidJUnitRunner"]
[debug] &amp#27;[35m[WD Proxy]&amp#27;[39m Matched '/status' to command name 'getStatus'
[debug] &amp#27;[35m[WD Proxy]&amp#27;[39m Proxying [GET /status] to [GET http://127.0.0.1:8200/wd/hub/status] with no body
&amp#27;[35m[WD Proxy]&amp#27;[39m socket hang up
[debug] &amp#27;[35m[Instrumentation]&amp#27;[39m io.appium.uiautomator2.server.test.AppiumUiAutomator2Server:
[debug] &amp#27;[35m[WD Proxy]&amp#27;[39m Matched '/status' to command name 'getStatus'
[debug] &amp#27;[35m[WD Proxy]&amp#27;[39m Proxying [GET /status] to [GET http://127.0.0.1:8200/wd/hub/status] with no body
&amp#27;[35m[WD Proxy]&amp#27;[39m socket hang up
[debug] &amp#27;[35m[WD Proxy]&amp#27;[39m Matched '/status' to command name 'getStatus'
[debug] &amp#27;[35m[WD Proxy]&amp#27;[39m Proxying [GET /status] to [GET http://127.0.0.1:8200/wd/hub/status] with no body
[debug] &amp#27;[35m[WD Proxy]&amp#27;[39m Got response with status 200: {"sessionId":"None","value":{"message":"UiAutomator2 Server is ready to accept commands","ready":true}}
[debug] &amp#27;[35m[UiAutomator2]&amp#27;[39m The initialization of the instrumentation process took 2126ms
[debug] &amp#27;[35m[WD Proxy]&amp#27;[39m Matched '/session' to command name 'createSession'
[debug] &amp#27;[35m[WD Proxy]&amp#27;[39m Proxying [POST /session] to [POST http://127.0.0.1:8200/wd/hub/session] with body: {"capabilities":{"firstMatch":[{"platform":"LINUX","webStorageEnabled":false,"takesScreenshot":true,"javascriptEnabled":true,"databaseEnabled":false,"networkConnectionEnabled":true,"locationContextEnabled":false,"warnings":{},"desired":{"platformName":"android","appActivity":"com.wdiodemoapp.MainActivity","appPackage":"com.wdiodemoapp","automationName":"uiautomator2","avd":"android_28","newCommandTimeout":120,"udid":"emulator-5554"},"platformName":"android","appActivity":"com.wdiodemoapp.MainActivity","appPackage":"com.wdiodemoapp","automationName":"uiautomator2","avd":"android_28","newCommandTimeout":120,"udid":"emulator-5554","deviceName":"emulator-5554","deviceUDID":"emulator-5554"}],"alwaysMatch":{}}}
[debug] &amp#27;[35m[WD Proxy]&amp#27;[39m Got response with status 200: {"sessionId":"c2f48cc3-8f54-4a48-98f7-1489193a83cd","value":{"capabilities":{"firstMatch":[{"platform":"LINUX","webStorageEnabled":false,"takesScreenshot":true,"javascriptEnabled":true,"databaseEnabled":false,"networkConnectionEnabled":true,"locationContextEnabled":false,"warnings":{},"desired":{"platformName":"android","appActivity":"com.wdiodemoapp.MainActivity","appPackage":"com.wdiodemoapp","automationName":"uiautomator2","avd":"android_28","newCommandTimeout":120,"udid":"emulator-5554"},"platformName":"android","appActivity":"com.wdiodemoapp.MainActivity","appPackage":"com.wdiodemoapp","automationName":"uiautomator2","avd":"android_28","newCommandTimeout":120,"udid":"emulator-5554","deviceName":"emulator-5554","deviceUDID":"emulator-5554"}],"alwaysMatch":{}},"sessionId":"c2f48cc3-8f54-4a48-98f7-1489193a83cd"}}
&amp#27;[35m[WD Proxy]&amp#27;[39m Determined the downstream protocol as 'W3C'
[debug] &amp#27;[35m[WD Proxy]&amp#27;[39m Proxying [GET /appium/device/info] to [GET http://127.0.0.1:8200/wd/hub/session/c2f48cc3-8f54-4a48-98f7-1489193a83cd/appium/device/info] with no body
[debug] &amp#27;[35m[WD Proxy]&amp#27;[39m Got response with status 200: {"sessionId":"c2f48cc3-8f54-4a48-98f7-1489193a83cd","value":{"androidId":"f6edfa4ca89cea31","apiVersion":"28","bluetooth":null,"brand":"Android","carrierName":"Android","displayDensity":160,"locale":"en_US","manufacturer":"unknown","model":"Android SDK built for x86","networks":[{"capabilities":{"SSID":null,"linkDownBandwidthKbps":102400,"linkUpstreamBandwidthKbps":51200,"networkCapabilities":"NET_CAPABILITY_MMS,NET_CAPABILITY_SUPL,NET_CAPABILITY_DUN,NET_CAPABILITY_FOTA,NET_CAPABILITY_IMS,NET_CAPABILITY_CBS,NET_CAPABILITY_IA,NET_CAPABILITY_INTERNET,NET_CAPABILITY_NOT_RESTRICTED,NET_CAPABILITY_TRUSTED,NET_CAPABILITY_NOT_VPN,NET_CAPABILITY_VALIDATED,NET_CAPABILITY_NOT_ROAMING,NET_CAPABILITY_NOT_CONGESTED,NET_CAPABILITY_NOT_SUSPENDED","signalStrength":-2147483648,"transportTypes":"TRANSPORT_CELLULAR"},"detailedState":"CONNECTED","extraInfo":"epc.tmobile.com","isAvailable":true,"isConnected":true,"isFailover":false,"isRoaming":false,"state":"CONNECTED","subtype":13,"subtypeName":"LTE","type":0,"typeName":"MOBI...
[debug] &amp#27;[35m[ADB]&amp#27;[39m Running 'C:\Android\sdk\platform-tools\adb.exe -P 5037 -s emulator-5554 shell dumpsys window'
&amp#27;[35m[AndroidDriver]&amp#27;[39m Screen already unlocked, doing nothing
&amp#27;[35m[UiAutomator2]&amp#27;[39m Starting 'com.wdiodemoapp/com.wdiodemoapp.MainActivity and waiting for 'com.wdiodemoapp/com.wdiodemoapp.MainActivity'
[debug] &amp#27;[35m[ADB]&amp#27;[39m Running 'C:\Android\sdk\platform-tools\adb.exe -P 5037 -s emulator-5554 shell am start -W -n com.wdiodemoapp/com.wdiodemoapp.MainActivity -S -a android.intent.action.MAIN -c android.intent.category.LAUNCHER -f 0x10200000'
[debug] &amp#27;[35m[WD Proxy]&amp#27;[39m Proxying [GET /appium/device/pixel_ratio] to [GET http://127.0.0.1:8200/wd/hub/session/c2f48cc3-8f54-4a48-98f7-1489193a83cd/appium/device/pixel_ratio] with no body
[debug] &amp#27;[35m[WD Proxy]&amp#27;[39m Got response with status 200: {"sessionId":"c2f48cc3-8f54-4a48-98f7-1489193a83cd","value":1}
[debug] &amp#27;[35m[WD Proxy]&amp#27;[39m Matched '/appium/device/system_bars' to command name 'getSystemBars'
[debug] &amp#27;[35m[WD Proxy]&amp#27;[39m Proxying [GET /appium/device/system_bars] to [GET http://127.0.0.1:8200/wd/hub/session/c2f48cc3-8f54-4a48-98f7-1489193a83cd/appium/device/system_bars] with no body
[debug] &amp#27;[35m[WD Proxy]&amp#27;[39m Got response with status 200: {"sessionId":"c2f48cc3-8f54-4a48-98f7-1489193a83cd","value":{"statusBar":24}}
[debug] &amp#27;[35m[WD Proxy]&amp#27;[39m Matched '/window/current/size' to command name 'getWindowSize'
[debug] &amp#27;[35m[WD Proxy]&amp#27;[39m Proxying [GET /window/current/size] to [GET http://127.0.0.1:8200/wd/hub/session/c2f48cc3-8f54-4a48-98f7-1489193a83cd/window/current/size] with no body
[debug] &amp#27;[35m[WD Proxy]&amp#27;[39m Got response with status 200: {"sessionId":"c2f48cc3-8f54-4a48-98f7-1489193a83cd","value":{"height":640,"width":320}}
&amp#27;[35m[Appium]&amp#27;[39m New AndroidUiautomator2Driver session created successfully, session c0287309-168a-443a-9143-5ceedef20174 added to master session list
[debug] &amp#27;[35m[BaseDriver]&amp#27;[39m Event 'newSessionStarted' logged at 1637971463250 (07:04:23 GMT+0700 (Indochina Time))
[debug] &amp#27;[35m[W3C (c0287309)]&amp#27;[39m Cached the protocol value 'W3C' for the new session c0287309-168a-443a-9143-5ceedef20174
[debug] &amp#27;[35m[W3C (c0287309)]&amp#27;[39m Responding to client with driver.createSession() result: {"capabilities":{"platform":"LINUX","webStorageEnabled":false,"takesScreenshot":true,"javascriptEnabled":true,"databaseEnabled":false,"networkConnectionEnabled":true,"locationContextEnabled":false,"warnings":{},"desired":{"platformName":"android","appActivity":"com.wdiodemoapp.MainActivity","appPackage":"com.wdiodemoapp","automationName":"uiautomator2","avd":"android_28","newCommandTimeout":120,"udid":"emulator-5554"},"platformName":"android","appActivity":"com.wdiodemoapp.MainActivity","appPackage":"com.wdiodemoapp","automationName":"uiautomator2","avd":"android_28","newCommandTimeout":120,"udid":"emulator-5554","deviceName":"emulator-5554","deviceUDID":"emulator-5554","deviceApiLevel":28,"platformVersion":"9","deviceScreenSize":"320x640","deviceScreenDensity":160,"deviceModel":"Android SDK built for x86","deviceManufacturer":"unknown","pixelRatio":1,"statBarHeight":24,"viewportRect":{"left":0,"top":24,"width":320,"height":616}}}
&amp#27;[35m[HTTP]&amp#27;[39m &amp#27;[37m<-- POST /wd/hub/session &amp#27;[39m&amp#27;[32m200&amp#27;[39m &amp#27;[90m8614 ms - 1005&amp#27;[39m
&amp#27;[35m[HTTP]&amp#27;[39m &amp#27;[90m&amp#27;[39m
&amp#27;[35m[HTTP]&amp#27;[39m &amp#27;[37m-->&amp#27;[39m &amp#27;[37mPOST&amp#27;[39m &amp#27;[37m/wd/hub/session/c0287309-168a-443a-9143-5ceedef20174/timeouts&amp#27;[39m
&amp#27;[35m[HTTP]&amp#27;[39m &amp#27;[90m{"implicit":3000}&amp#27;[39m
[debug] &amp#27;[35m[W3C (c0287309)]&amp#27;[39m Calling AppiumDriver.timeouts() with args: [null,null,null,null,3000,"c0287309-168a-443a-9143-5ceedef20174"]
[debug] &amp#27;[35m[BaseDriver]&amp#27;[39m W3C timeout argument: {"implicit":3000}}
[debug] &amp#27;[35m[BaseDriver]&amp#27;[39m Set implicit wait to 3000ms
[debug] &amp#27;[35m[W3C (c0287309)]&amp#27;[39m Responding to client with driver.timeouts() result: null
&amp#27;[35m[HTTP]&amp#27;[39m &amp#27;[37m<-- POST /wd/hub/session/c0287309-168a-443a-9143-5ceedef20174/timeouts &amp#27;[39m&amp#27;[32m200&amp#27;[39m &amp#27;[90m4 ms - 14&amp#27;[39m
&amp#27;[35m[HTTP]&amp#27;[39m &amp#27;[90m&amp#27;[39m
&amp#27;[35m[HTTP]&amp#27;[39m &amp#27;[37m-->&amp#27;[39m &amp#27;[37mPOST&amp#27;[39m &amp#27;[37m/wd/hub/session/c0287309-168a-443a-9143-5ceedef20174/element&amp#27;[39m
&amp#27;[35m[HTTP]&amp#27;[39m &amp#27;[90m{"using":"accessibility id","value":"Login"}&amp#27;[39m
[debug] &amp#27;[35m[W3C (c0287309)]&amp#27;[39m Calling AppiumDriver.findElement() with args: ["accessibility id","Login","c0287309-168a-443a-9143-5ceedef20174"]
[debug] &amp#27;[35m[BaseDriver]&amp#27;[39m Valid locator strategies for this request: xpath, id, class name, accessibility id, css selector, -android uiautomator
[debug] &amp#27;[35m[BaseDriver]&amp#27;[39m Waiting up to 3000 ms for condition
[debug] &amp#27;[35m[WD Proxy]&amp#27;[39m Matched '/element' to command name 'findElement'
[debug] &amp#27;[35m[WD Proxy]&amp#27;[39m Proxying [POST /element] to [POST http://127.0.0.1:8200/wd/hub/session/c2f48cc3-8f54-4a48-98f7-1489193a83cd/element] with body: {"strategy":"accessibility id","selector":"Login","context":"","multiple":false}
[debug] &amp#27;[35m[WD Proxy]&amp#27;[39m Got response with status 200: {"sessionId":"c2f48cc3-8f54-4a48-98f7-1489193a83cd","value":{"ELEMENT":"00000000-0000-010e-ffff-ffff0000000d","element-6066-11e4-a52e-4f735466cecf":"00000000-0000-010e-ffff-ffff0000000d"}}
[debug] &amp#27;[35m[W3C (c0287309)]&amp#27;[39m Responding to client with driver.findElement() result: {"element-6066-11e4-a52e-4f735466cecf":"00000000-0000-010e-ffff-ffff0000000d","ELEMENT":"00000000-0000-010e-ffff-ffff0000000d"}
&amp#27;[35m[HTTP]&amp#27;[39m &amp#27;[37m<-- POST /wd/hub/session/c0287309-168a-443a-9143-5ceedef20174/element &amp#27;[39m&amp#27;[32m200&amp#27;[39m &amp#27;[90m1016 ms - 137&amp#27;[39m
&amp#27;[35m[HTTP]&amp#27;[39m &amp#27;[90m&amp#27;[39m
&amp#27;[35m[HTTP]&amp#27;[39m &amp#27;[37m-->&amp#27;[39m &amp#27;[37mPOST&amp#27;[39m &amp#27;[37m/wd/hub/session/c0287309-168a-443a-9143-5ceedef20174/element/00000000-0000-010e-ffff-ffff0000000d/click&amp#27;[39m
&amp#27;[35m[HTTP]&amp#27;[39m &amp#27;[90m{"id":"00000000-0000-010e-ffff-ffff0000000d"}&amp#27;[39m
[debug] &amp#27;[35m[W3C (c0287309)]&amp#27;[39m Calling AppiumDriver.click() with args: ["00000000-0000-010e-ffff-ffff0000000d","c0287309-168a-443a-9143-5ceedef20174"]
[debug] &amp#27;[35m[WD Proxy]&amp#27;[39m Matched '/element/00000000-0000-010e-ffff-ffff0000000d/click' to command name 'click'
[debug] &amp#27;[35m[WD Proxy]&amp#27;[39m Proxying [POST /element/00000000-0000-010e-ffff-ffff0000000d/click] to [POST http://127.0.0.1:8200/wd/hub/session/c2f48cc3-8f54-4a48-98f7-1489193a83cd/element/00000000-0000-010e-ffff-ffff0000000d/click] with body: {"element":"00000000-0000-010e-ffff-ffff0000000d"}
[debug] &amp#27;[35m[WD Proxy]&amp#27;[39m Got response with status 200: {"sessionId":"c2f48cc3-8f54-4a48-98f7-1489193a83cd","value":null}
[debug] &amp#27;[35m[W3C (c0287309)]&amp#27;[39m Responding to client with driver.click() result: null
&amp#27;[35m[HTTP]&amp#27;[39m &amp#27;[37m<-- POST /wd/hub/session/c0287309-168a-443a-9143-5ceedef20174/element/00000000-0000-010e-ffff-ffff0000000d/click &amp#27;[39m&amp#27;[32m200&amp#27;[39m &amp#27;[90m28 ms - 14&amp#27;[39m
&amp#27;[35m[HTTP]&amp#27;[39m &amp#27;[90m&amp#27;[39m
&amp#27;[35m[HTTP]&amp#27;[39m &amp#27;[37m-->&amp#27;[39m &amp#27;[37mPOST&amp#27;[39m &amp#27;[37m/wd/hub/session/c0287309-168a-443a-9143-5ceedef20174/element&amp#27;[39m
&amp#27;[35m[HTTP]&amp#27;[39m &amp#27;[90m{"using":"accessibility id","value":"button-sign-up-container"}&amp#27;[39m
[debug] &amp#27;[35m[W3C (c0287309)]&amp#27;[39m Calling AppiumDriver.findElement() with args: ["accessibility id","button-sign-up-container","c0287309-168a-443a-9143-5ceedef20174"]
[debug] &amp#27;[35m[BaseDriver]&amp#27;[39m Valid locator strategies for this request: xpath, id, class name, accessibility id, css selector, -android uiautomator
[debug] &amp#27;[35m[BaseDriver]&amp#27;[39m Waiting up to 3000 ms for condition
[debug] &amp#27;[35m[WD Proxy]&amp#27;[39m Matched '/element' to command name 'findElement'
[debug] &amp#27;[35m[WD Proxy]&amp#27;[39m Proxying [POST /element] to [POST http://127.0.0.1:8200/wd/hub/session/c2f48cc3-8f54-4a48-98f7-1489193a83cd/element] with body: {"strategy":"accessibility id","selector":"button-sign-up-container","context":"","multiple":false}
&amp#27;[35m[WD Proxy]&amp#27;[39m Got response with status 404: {"sessionId":"c2f48cc3-8f54-4a48-98f7-1489193a83cd","value":{"error":"no such element","message":"An element could not be located on the page using the given search parameters","stacktrace":"io.appium.uiautomator2.common.exceptions.ElementNotFoundException: An element could not be located on the page using the given search parameters\n\tat io.appium.uiautomator2.handler.FindElement.safeHandle(FindElement.java:70)\n\tat io.appium.uiautomator2.handler.request.SafeRequestHandler.handle(SafeRequestHandler.java:59)\n\tat io.appium.uiautomator2.server.AppiumServlet.handleRequest(AppiumServlet.java:264)\n\tat io.appium.uiautomator2.server.AppiumServlet.handleHttpRequest(AppiumServlet.java:258)\n\tat io.appium.uiautomator2.http.ServerHandler.channelRead(ServerHandler.java:68)\n\tat io.netty.channel.AbstractChannelHandlerContext.invokeChannelRead(AbstractChannelHandlerContext.java:366)\n\tat io.netty.channel.AbstractChannelHandlerContext.invokeChannelRead(AbstractChannelHandlerContext.java:352)\n\tat io.netty.chann...
[debug] &amp#27;[35m[W3C]&amp#27;[39m Matched W3C error code 'no such element' to NoSuchElementError
[debug] &amp#27;[35m[BaseDriver]&amp#27;[39m Waited for 80 ms so far
[debug] &amp#27;[35m[WD Proxy]&amp#27;[39m Matched '/element' to command name 'findElement'
[debug] &amp#27;[35m[WD Proxy]&amp#27;[39m Proxying [POST /element] to [POST http://127.0.0.1:8200/wd/hub/session/c2f48cc3-8f54-4a48-98f7-1489193a83cd/element] with body: {"strategy":"accessibility id","selector":"button-sign-up-container","context":"","multiple":false}
[debug] &amp#27;[35m[WD Proxy]&amp#27;[39m Got response with status 200: {"sessionId":"c2f48cc3-8f54-4a48-98f7-1489193a83cd","value":{"ELEMENT":"00000000-0000-010e-ffff-ffff00000042","element-6066-11e4-a52e-4f735466cecf":"00000000-0000-010e-ffff-ffff00000042"}}
[debug] &amp#27;[35m[W3C (c0287309)]&amp#27;[39m Responding to client with driver.findElement() result: {"element-6066-11e4-a52e-4f735466cecf":"00000000-0000-010e-ffff-ffff00000042","ELEMENT":"00000000-0000-010e-ffff-ffff00000042"}
&amp#27;[35m[HTTP]&amp#27;[39m &amp#27;[37m<-- POST /wd/hub/session/c0287309-168a-443a-9143-5ceedef20174/element &amp#27;[39m&amp#27;[32m200&amp#27;[39m &amp#27;[90m851 ms - 137&amp#27;[39m
&amp#27;[35m[HTTP]&amp#27;[39m &amp#27;[90m&amp#27;[39m
&amp#27;[35m[HTTP]&amp#27;[39m &amp#27;[37m-->&amp#27;[39m &amp#27;[37mPOST&amp#27;[39m &amp#27;[37m/wd/hub/session/c0287309-168a-443a-9143-5ceedef20174/element/00000000-0000-010e-ffff-ffff00000042/click&amp#27;[39m
&amp#27;[35m[HTTP]&amp#27;[39m &amp#27;[90m{"id":"00000000-0000-010e-ffff-ffff00000042"}&amp#27;[39m
[debug] &amp#27;[35m[W3C (c0287309)]&amp#27;[39m Calling AppiumDriver.click() with args: ["00000000-0000-010e-ffff-ffff00000042","c0287309-168a-443a-9143-5ceedef20174"]
[debug] &amp#27;[35m[WD Proxy]&amp#27;[39m Matched '/element/00000000-0000-010e-ffff-ffff00000042/click' to command name 'click'
[debug] &amp#27;[35m[WD Proxy]&amp#27;[39m Proxying [POST /element/00000000-0000-010e-ffff-ffff00000042/click] to [POST http://127.0.0.1:8200/wd/hub/session/c2f48cc3-8f54-4a48-98f7-1489193a83cd/element/00000000-0000-010e-ffff-ffff00000042/click] with body: {"element":"00000000-0000-010e-ffff-ffff00000042"}
[debug] &amp#27;[35m[WD Proxy]&amp#27;[39m Got response with status 200: {"sessionId":"c2f48cc3-8f54-4a48-98f7-1489193a83cd","value":null}
[debug] &amp#27;[35m[W3C (c0287309)]&amp#27;[39m Responding to client with driver.click() result: null
&amp#27;[35m[HTTP]&amp#27;[39m &amp#27;[37m<-- POST /wd/hub/session/c0287309-168a-443a-9143-5ceedef20174/element/00000000-0000-010e-ffff-ffff00000042/click &amp#27;[39m&amp#27;[32m200&amp#27;[39m &amp#27;[90m26 ms - 14&amp#27;[39m
&amp#27;[35m[HTTP]&amp#27;[39m &amp#27;[90m&amp#27;[39m
&amp#27;[35m[HTTP]&amp#27;[39m &amp#27;[37m-->&amp#27;[39m &amp#27;[37mPOST&amp#27;[39m &amp#27;[37m/wd/hub/session/c0287309-168a-443a-9143-5ceedef20174/element&amp#27;[39m
&amp#27;[35m[HTTP]&amp#27;[39m &amp#27;[90m{"using":"xpath","value":"//android.widget.EditText[@content-desc='input-email']"}&amp#27;[39m
[debug] &amp#27;[35m[W3C (c0287309)]&amp#27;[39m Calling AppiumDriver.findElement() with args: ["xpath","//android.widget.EditText[@content-desc='input-email']","c0287309-168a-443a-9143-5ceedef20174"]
[debug] &amp#27;[35m[BaseDriver]&amp#27;[39m Valid locator strategies for this request: xpath, id, class name, accessibility id, css selector, -android uiautomator
[debug] &amp#27;[35m[BaseDriver]&amp#27;[39m Waiting up to 3000 ms for condition
[debug] &amp#27;[35m[WD Proxy]&amp#27;[39m Matched '/element' to command name 'findElement'
[debug] &amp#27;[35m[WD Proxy]&amp#27;[39m Proxying [POST /element] to [POST http://127.0.0.1:8200/wd/hub/session/c2f48cc3-8f54-4a48-98f7-1489193a83cd/element] with body: {"strategy":"xpath","selector":"//android.widget.EditText[@content-desc='input-email']","context":"","multiple":false}
[debug] &amp#27;[35m[WD Proxy]&amp#27;[39m Got response with status 200: {"sessionId":"c2f48cc3-8f54-4a48-98f7-1489193a83cd","value":{"ELEMENT":"00000000-0000-010e-ffff-ffff00000036","element-6066-11e4-a52e-4f735466cecf":"00000000-0000-010e-ffff-ffff00000036"}}
[debug] &amp#27;[35m[W3C (c0287309)]&amp#27;[39m Responding to client with driver.findElement() result: {"element-6066-11e4-a52e-4f735466cecf":"00000000-0000-010e-ffff-ffff00000036","ELEMENT":"00000000-0000-010e-ffff-ffff00000036"}
&amp#27;[35m[HTTP]&amp#27;[39m &amp#27;[37m<-- POST /wd/hub/session/c0287309-168a-443a-9143-5ceedef20174/element &amp#27;[39m&amp#27;[32m200&amp#27;[39m &amp#27;[90m528 ms - 137&amp#27;[39m
&amp#27;[35m[HTTP]&amp#27;[39m &amp#27;[90m&amp#27;[39m
&amp#27;[35m[HTTP]&amp#27;[39m &amp#27;[37m-->&amp#27;[39m &amp#27;[37mPOST&amp#27;[39m &amp#27;[37m/wd/hub/session/c0287309-168a-443a-9143-5ceedef20174/element/00000000-0000-010e-ffff-ffff00000036/value&amp#27;[39m
&amp#27;[35m[HTTP]&amp#27;[39m &amp#27;[90m{"id":"00000000-0000-010e-ffff-ffff00000036","text":"NJfTsjGm@gmail.com","value":["N","J","f","T","s","j","G","m","@","g","m","a","i","l",".","c","o","m"]}&amp#27;[39m
[debug] &amp#27;[35m[W3C (c0287309)]&amp#27;[39m Calling AppiumDriver.setValue() with args: [["N","J","f","T","s","j","G","m","@","g","m","a","i","l",".","c","o","m"],"00000000-0000-010e-ffff-ffff00000036","c0287309-168a-443a-9143-5ceedef20174"]
[debug] &amp#27;[35m[WD Proxy]&amp#27;[39m Matched '/element/00000000-0000-010e-ffff-ffff00000036/value' to command name 'setValue'
[debug] &amp#27;[35m[Protocol Converter]&amp#27;[39m Added 'value' property ["N","J","f","T","s","j","G","m","@","g","m","a","i","l",".","c","o","m"] to 'setValue' request body
[debug] &amp#27;[35m[WD Proxy]&amp#27;[39m Proxying [POST /element/00000000-0000-010e-ffff-ffff00000036/value] to [POST http://127.0.0.1:8200/wd/hub/session/c2f48cc3-8f54-4a48-98f7-1489193a83cd/element/00000000-0000-010e-ffff-ffff00000036/value] with body: {"elementId":"00000000-0000-010e-ffff-ffff00000036","text":"NJfTsjGm@gmail.com","replace":false,"value":["N","J","f","T","s","j","G","m","@","g","m","a","i","l",".","c","o","m"]}
[debug] &amp#27;[35m[WD Proxy]&amp#27;[39m Got response with status 200: {"sessionId":"c2f48cc3-8f54-4a48-98f7-1489193a83cd","value":null}
[debug] &amp#27;[35m[W3C (c0287309)]&amp#27;[39m Responding to client with driver.setValue() result: null
&amp#27;[35m[HTTP]&amp#27;[39m &amp#27;[37m<-- POST /wd/hub/session/c0287309-168a-443a-9143-5ceedef20174/element/00000000-0000-010e-ffff-ffff00000036/value &amp#27;[39m&amp#27;[32m200&amp#27;[39m &amp#27;[90m1095 ms - 14&amp#27;[39m
&amp#27;[35m[HTTP]&amp#27;[39m &amp#27;[90m&amp#27;[39m
&amp#27;[35m[HTTP]&amp#27;[39m &amp#27;[37m-->&amp#27;[39m &amp#27;[37mPOST&amp#27;[39m &amp#27;[37m/wd/hub/session/c0287309-168a-443a-9143-5ceedef20174/element&amp#27;[39m
&amp#27;[35m[HTTP]&amp#27;[39m &amp#27;[90m{"using":"xpath","value":"//android.widget.EditText[@content-desc='input-password']"}&amp#27;[39m
[debug] &amp#27;[35m[W3C (c0287309)]&amp#27;[39m Calling AppiumDriver.findElement() with args: ["xpath","//android.widget.EditText[@content-desc='input-password']","c0287309-168a-443a-9143-5ceedef20174"]
[debug] &amp#27;[35m[BaseDriver]&amp#27;[39m Valid locator strategies for this request: xpath, id, class name, accessibility id, css selector, -android uiautomator
[debug] &amp#27;[35m[BaseDriver]&amp#27;[39m Waiting up to 3000 ms for condition
[debug] &amp#27;[35m[WD Proxy]&amp#27;[39m Matched '/element' to command name 'findElement'
[debug] &amp#27;[35m[WD Proxy]&amp#27;[39m Proxying [POST /element] to [POST http://127.0.0.1:8200/wd/hub/session/c2f48cc3-8f54-4a48-98f7-1489193a83cd/element] with body: {"strategy":"xpath","selector":"//android.widget.EditText[@content-desc='input-password']","context":"","multiple":false}
[debug] &amp#27;[35m[WD Proxy]&amp#27;[39m Got response with status 200: {"sessionId":"c2f48cc3-8f54-4a48-98f7-1489193a83cd","value":{"ELEMENT":"00000000-0000-010e-ffff-ffff00000037","element-6066-11e4-a52e-4f735466cecf":"00000000-0000-010e-ffff-ffff00000037"}}
[debug] &amp#27;[35m[W3C (c0287309)]&amp#27;[39m Responding to client with driver.findElement() result: {"element-6066-11e4-a52e-4f735466cecf":"00000000-0000-010e-ffff-ffff00000037","ELEMENT":"00000000-0000-010e-ffff-ffff00000037"}
&amp#27;[35m[HTTP]&amp#27;[39m &amp#27;[37m<-- POST /wd/hub/session/c0287309-168a-443a-9143-5ceedef20174/element &amp#27;[39m&amp#27;[32m200&amp#27;[39m &amp#27;[90m654 ms - 137&amp#27;[39m
&amp#27;[35m[HTTP]&amp#27;[39m &amp#27;[90m&amp#27;[39m
&amp#27;[35m[HTTP]&amp#27;[39m &amp#27;[37m-->&amp#27;[39m &amp#27;[37mPOST&amp#27;[39m &amp#27;[37m/wd/hub/session/c0287309-168a-443a-9143-5ceedef20174/element/00000000-0000-010e-ffff-ffff00000037/value&amp#27;[39m
&amp#27;[35m[HTTP]&amp#27;[39m &amp#27;[90m{"id":"00000000-0000-010e-ffff-ffff00000037","text":"la7HRQ2Z","value":["l","a","7","H","R","Q","2","Z"]}&amp#27;[39m
[debug] &amp#27;[35m[W3C (c0287309)]&amp#27;[39m Calling AppiumDriver.setValue() with args: [["l","a","7","H","R","Q","2","Z"],"00000000-0000-010e-ffff-ffff00000037","c0287309-168a-443a-9143-5ceedef20174"]
[debug] &amp#27;[35m[WD Proxy]&amp#27;[39m Matched '/element/00000000-0000-010e-ffff-ffff00000037/value' to command name 'setValue'
[debug] &amp#27;[35m[Protocol Converter]&amp#27;[39m Added 'value' property ["l","a","7","H","R","Q","2","Z"] to 'setValue' request body
[debug] &amp#27;[35m[WD Proxy]&amp#27;[39m Proxying [POST /element/00000000-0000-010e-ffff-ffff00000037/value] to [POST http://127.0.0.1:8200/wd/hub/session/c2f48cc3-8f54-4a48-98f7-1489193a83cd/element/00000000-0000-010e-ffff-ffff00000037/value] with body: {"elementId":"00000000-0000-010e-ffff-ffff00000037","text":"la7HRQ2Z","replace":false,"value":["l","a","7","H","R","Q","2","Z"]}
[debug] &amp#27;[35m[WD Proxy]&amp#27;[39m Got response with status 200: {"sessionId":"c2f48cc3-8f54-4a48-98f7-1489193a83cd","value":null}
[debug] &amp#27;[35m[W3C (c0287309)]&amp#27;[39m Responding to client with driver.setValue() result: null
&amp#27;[35m[HTTP]&amp#27;[39m &amp#27;[37m<-- POST /wd/hub/session/c0287309-168a-443a-9143-5ceedef20174/element/00000000-0000-010e-ffff-ffff00000037/value &amp#27;[39m&amp#27;[32m200&amp#27;[39m &amp#27;[90m528 ms - 14&amp#27;[39m
&amp#27;[35m[HTTP]&amp#27;[39m &amp#27;[90m&amp#27;[39m
&amp#27;[35m[HTTP]&amp#27;[39m &amp#27;[37m-->&amp#27;[39m &amp#27;[37mPOST&amp#27;[39m &amp#27;[37m/wd/hub/session/c0287309-168a-443a-9143-5ceedef20174/element&amp#27;[39m
&amp#27;[35m[HTTP]&amp#27;[39m &amp#27;[90m{"using":"xpath","value":"//android.widget.EditText[@content-desc='input-repeat-password']"}&amp#27;[39m
[debug] &amp#27;[35m[W3C (c0287309)]&amp#27;[39m Calling AppiumDriver.findElement() with args: ["xpath","//android.widget.EditText[@content-desc='input-repeat-password']","c0287309-168a-443a-9143-5ceedef20174"]
[debug] &amp#27;[35m[BaseDriver]&amp#27;[39m Valid locator strategies for this request: xpath, id, class name, accessibility id, css selector, -android uiautomator
[debug] &amp#27;[35m[BaseDriver]&amp#27;[39m Waiting up to 3000 ms for condition
[debug] &amp#27;[35m[WD Proxy]&amp#27;[39m Matched '/element' to command name 'findElement'
[debug] &amp#27;[35m[WD Proxy]&amp#27;[39m Proxying [POST /element] to [POST http://127.0.0.1:8200/wd/hub/session/c2f48cc3-8f54-4a48-98f7-1489193a83cd/element] with body: {"strategy":"xpath","selector":"//android.widget.EditText[@content-desc='input-repeat-password']","context":"","multiple":false}
[debug] &amp#27;[35m[WD Proxy]&amp#27;[39m Got response with status 200: {"sessionId":"c2f48cc3-8f54-4a48-98f7-1489193a83cd","value":{"ELEMENT":"00000000-0000-010e-ffff-ffff0000004a","element-6066-11e4-a52e-4f735466cecf":"00000000-0000-010e-ffff-ffff0000004a"}}
[debug] &amp#27;[35m[W3C (c0287309)]&amp#27;[39m Responding to client with driver.findElement() result: {"element-6066-11e4-a52e-4f735466cecf":"00000000-0000-010e-ffff-ffff0000004a","ELEMENT":"00000000-0000-010e-ffff-ffff0000004a"}
&amp#27;[35m[HTTP]&amp#27;[39m &amp#27;[37m<-- POST /wd/hub/session/c0287309-168a-443a-9143-5ceedef20174/element &amp#27;[39m&amp#27;[32m200&amp#27;[39m &amp#27;[90m672 ms - 137&amp#27;[39m
&amp#27;[35m[HTTP]&amp#27;[39m &amp#27;[90m&amp#27;[39m
&amp#27;[35m[HTTP]&amp#27;[39m &amp#27;[37m-->&amp#27;[39m &amp#27;[37mPOST&amp#27;[39m &amp#27;[37m/wd/hub/session/c0287309-168a-443a-9143-5ceedef20174/element/00000000-0000-010e-ffff-ffff0000004a/value&amp#27;[39m
&amp#27;[35m[HTTP]&amp#27;[39m &amp#27;[90m{"id":"00000000-0000-010e-ffff-ffff0000004a","text":"la7HRQ2Z","value":["l","a","7","H","R","Q","2","Z"]}&amp#27;[39m
[debug] &amp#27;[35m[W3C (c0287309)]&amp#27;[39m Calling AppiumDriver.setValue() with args: [["l","a","7","H","R","Q","2","Z"],"00000000-0000-010e-ffff-ffff0000004a","c0287309-168a-443a-9143-5ceedef20174"]
[debug] &amp#27;[35m[WD Proxy]&amp#27;[39m Matched '/element/00000000-0000-010e-ffff-ffff0000004a/value' to command name 'setValue'
[debug] &amp#27;[35m[Protocol Converter]&amp#27;[39m Added 'value' property ["l","a","7","H","R","Q","2","Z"] to 'setValue' request body
[debug] &amp#27;[35m[WD Proxy]&amp#27;[39m Proxying [POST /element/00000000-0000-010e-ffff-ffff0000004a/value] to [POST http://127.0.0.1:8200/wd/hub/session/c2f48cc3-8f54-4a48-98f7-1489193a83cd/element/00000000-0000-010e-ffff-ffff0000004a/value] with body: {"elementId":"00000000-0000-010e-ffff-ffff0000004a","text":"la7HRQ2Z","replace":false,"value":["l","a","7","H","R","Q","2","Z"]}
[debug] &amp#27;[35m[WD Proxy]&amp#27;[39m Got response with status 200: {"sessionId":"c2f48cc3-8f54-4a48-98f7-1489193a83cd","value":null}
[debug] &amp#27;[35m[W3C (c0287309)]&amp#27;[39m Responding to client with driver.setValue() result: null
&amp#27;[35m[HTTP]&amp#27;[39m &amp#27;[37m<-- POST /wd/hub/session/c0287309-168a-443a-9143-5ceedef20174/element/00000000-0000-010e-ffff-ffff0000004a/value &amp#27;[39m&amp#27;[32m200&amp#27;[39m &amp#27;[90m531 ms - 14&amp#27;[39m
&amp#27;[35m[HTTP]&amp#27;[39m &amp#27;[90m&amp#27;[39m
&amp#27;[35m[HTTP]&amp#27;[39m &amp#27;[37m-->&amp#27;[39m &amp#27;[37mPOST&amp#27;[39m &amp#27;[37m/wd/hub/session/c0287309-168a-443a-9143-5ceedef20174/element&amp#27;[39m
&amp#27;[35m[HTTP]&amp#27;[39m &amp#27;[90m{"using":"accessibility id","value":"button-SIGN UP"}&amp#27;[39m
[debug] &amp#27;[35m[W3C (c0287309)]&amp#27;[39m Calling AppiumDriver.findElement() with args: ["accessibility id","button-SIGN UP","c0287309-168a-443a-9143-5ceedef20174"]
[debug] &amp#27;[35m[BaseDriver]&amp#27;[39m Valid locator strategies for this request: xpath, id, class name, accessibility id, css selector, -android uiautomator
[debug] &amp#27;[35m[BaseDriver]&amp#27;[39m Waiting up to 3000 ms for condition
[debug] &amp#27;[35m[WD Proxy]&amp#27;[39m Matched '/element' to command name 'findElement'
[debug] &amp#27;[35m[WD Proxy]&amp#27;[39m Proxying [POST /element] to [POST http://127.0.0.1:8200/wd/hub/session/c2f48cc3-8f54-4a48-98f7-1489193a83cd/element] with body: {"strategy":"accessibility id","selector":"button-SIGN UP","context":"","multiple":false}
[debug] &amp#27;[35m[WD Proxy]&amp#27;[39m Got response with status 200: {"sessionId":"c2f48cc3-8f54-4a48-98f7-1489193a83cd","value":{"ELEMENT":"00000000-0000-010e-ffff-ffff00000052","element-6066-11e4-a52e-4f735466cecf":"00000000-0000-010e-ffff-ffff00000052"}}
[debug] &amp#27;[35m[W3C (c0287309)]&amp#27;[39m Responding to client with driver.findElement() result: {"element-6066-11e4-a52e-4f735466cecf":"00000000-0000-010e-ffff-ffff00000052","ELEMENT":"00000000-0000-010e-ffff-ffff00000052"}
&amp#27;[35m[HTTP]&amp#27;[39m &amp#27;[37m<-- POST /wd/hub/session/c0287309-168a-443a-9143-5ceedef20174/element &amp#27;[39m&amp#27;[32m200&amp#27;[39m &amp#27;[90m619 ms - 137&amp#27;[39m
&amp#27;[35m[HTTP]&amp#27;[39m &amp#27;[90m&amp#27;[39m
&amp#27;[35m[HTTP]&amp#27;[39m &amp#27;[37m-->&amp#27;[39m &amp#27;[37mPOST&amp#27;[39m &amp#27;[37m/wd/hub/session/c0287309-168a-443a-9143-5ceedef20174/element/00000000-0000-010e-ffff-ffff00000052/click&amp#27;[39m
&amp#27;[35m[HTTP]&amp#27;[39m &amp#27;[90m{"id":"00000000-0000-010e-ffff-ffff00000052"}&amp#27;[39m
[debug] &amp#27;[35m[W3C (c0287309)]&amp#27;[39m Calling AppiumDriver.click() with args: ["00000000-0000-010e-ffff-ffff00000052","c0287309-168a-443a-9143-5ceedef20174"]
[debug] &amp#27;[35m[WD Proxy]&amp#27;[39m Matched '/element/00000000-0000-010e-ffff-ffff00000052/click' to command name 'click'
[debug] &amp#27;[35m[WD Proxy]&amp#27;[39m Proxying [POST /element/00000000-0000-010e-ffff-ffff00000052/click] to [POST http://127.0.0.1:8200/wd/hub/session/c2f48cc3-8f54-4a48-98f7-1489193a83cd/element/00000000-0000-010e-ffff-ffff00000052/click] with body: {"element":"00000000-0000-010e-ffff-ffff00000052"}
[debug] &amp#27;[35m[WD Proxy]&amp#27;[39m Got response with status 200: {"sessionId":"c2f48cc3-8f54-4a48-98f7-1489193a83cd","value":null}
[debug] &amp#27;[35m[W3C (c0287309)]&amp#27;[39m Responding to client with driver.click() result: null
&amp#27;[35m[HTTP]&amp#27;[39m &amp#27;[37m<-- POST /wd/hub/session/c0287309-168a-443a-9143-5ceedef20174/element/00000000-0000-010e-ffff-ffff00000052/click &amp#27;[39m&amp#27;[32m200&amp#27;[39m &amp#27;[90m21 ms - 14&amp#27;[39m
&amp#27;[35m[HTTP]&amp#27;[39m &amp#27;[90m&amp#27;[39m
&amp#27;[35m[HTTP]&amp#27;[39m &amp#27;[37m-->&amp#27;[39m &amp#27;[37mPOST&amp#27;[39m &amp#27;[37m/wd/hub/session/c0287309-168a-443a-9143-5ceedef20174/element&amp#27;[39m
&amp#27;[35m[HTTP]&amp#27;[39m &amp#27;[90m{"using":"id","value":"android:id/message"}&amp#27;[39m
[debug] &amp#27;[35m[W3C (c0287309)]&amp#27;[39m Calling AppiumDriver.findElement() with args: ["id","android:id/message","c0287309-168a-443a-9143-5ceedef20174"]
[debug] &amp#27;[35m[BaseDriver]&amp#27;[39m Valid locator strategies for this request: xpath, id, class name, accessibility id, css selector, -android uiautomator
[debug] &amp#27;[35m[BaseDriver]&amp#27;[39m Waiting up to 3000 ms for condition
[debug] &amp#27;[35m[WD Proxy]&amp#27;[39m Matched '/element' to command name 'findElement'
[debug] &amp#27;[35m[WD Proxy]&amp#27;[39m Proxying [POST /element] to [POST http://127.0.0.1:8200/wd/hub/session/c2f48cc3-8f54-4a48-98f7-1489193a83cd/element] with body: {"strategy":"id","selector":"android:id/message","context":"","multiple":false}
&amp#27;[35m[WD Proxy]&amp#27;[39m Got response with status 404: {"sessionId":"c2f48cc3-8f54-4a48-98f7-1489193a83cd","value":{"error":"no such element","message":"An element could not be located on the page using the given search parameters","stacktrace":"io.appium.uiautomator2.common.exceptions.ElementNotFoundException: An element could not be located on the page using the given search parameters\n\tat io.appium.uiautomator2.handler.FindElement.safeHandle(FindElement.java:70)\n\tat io.appium.uiautomator2.handler.request.SafeRequestHandler.handle(SafeRequestHandler.java:59)\n\tat io.appium.uiautomator2.server.AppiumServlet.handleRequest(AppiumServlet.java:264)\n\tat io.appium.uiautomator2.server.AppiumServlet.handleHttpRequest(AppiumServlet.java:258)\n\tat io.appium.uiautomator2.http.ServerHandler.channelRead(ServerHandler.java:68)\n\tat io.netty.channel.AbstractChannelHandlerContext.invokeChannelRead(AbstractChannelHandlerContext.java:366)\n\tat io.netty.channel.AbstractChannelHandlerContext.invokeChannelRead(AbstractChannelHandlerContext.java:352)\n\tat io.netty.chann...
[debug] &amp#27;[35m[W3C]&amp#27;[39m Matched W3C error code 'no such element' to NoSuchElementError
[debug] &amp#27;[35m[BaseDriver]&amp#27;[39m Waited for 31 ms so far
[debug] &amp#27;[35m[WD Proxy]&amp#27;[39m Matched '/element' to command name 'findElement'
[debug] &amp#27;[35m[WD Proxy]&amp#27;[39m Proxying [POST /element] to [POST http://127.0.0.1:8200/wd/hub/session/c2f48cc3-8f54-4a48-98f7-1489193a83cd/element] with body: {"strategy":"id","selector":"android:id/message","context":"","multiple":false}
&amp#27;[35m[WD Proxy]&amp#27;[39m Got response with status 404: {"sessionId":"c2f48cc3-8f54-4a48-98f7-1489193a83cd","value":{"error":"no such element","message":"An element could not be located on the page using the given search parameters","stacktrace":"io.appium.uiautomator2.common.exceptions.ElementNotFoundException: An element could not be located on the page using the given search parameters\n\tat io.appium.uiautomator2.handler.FindElement.safeHandle(FindElement.java:70)\n\tat io.appium.uiautomator2.handler.request.SafeRequestHandler.handle(SafeRequestHandler.java:59)\n\tat io.appium.uiautomator2.server.AppiumServlet.handleRequest(AppiumServlet.java:264)\n\tat io.appium.uiautomator2.server.AppiumServlet.handleHttpRequest(AppiumServlet.java:258)\n\tat io.appium.uiautomator2.http.ServerHandler.channelRead(ServerHandler.java:68)\n\tat io.netty.channel.AbstractChannelHandlerContext.invokeChannelRead(AbstractChannelHandlerContext.java:366)\n\tat io.netty.channel.AbstractChannelHandlerContext.invokeChannelRead(AbstractChannelHandlerContext.java:352)\n\tat io.netty.chann...
[debug] &amp#27;[35m[W3C]&amp#27;[39m Matched W3C error code 'no such element' to NoSuchElementError
[debug] &amp#27;[35m[BaseDriver]&amp#27;[39m Waited for 1013 ms so far
[debug] &amp#27;[35m[WD Proxy]&amp#27;[39m Matched '/element' to command name 'findElement'
[debug] &amp#27;[35m[WD Proxy]&amp#27;[39m Proxying [POST /element] to [POST http://127.0.0.1:8200/wd/hub/session/c2f48cc3-8f54-4a48-98f7-1489193a83cd/element] with body: {"strategy":"id","selector":"android:id/message","context":"","multiple":false}
&amp#27;[35m[WD Proxy]&amp#27;[39m Got response with status 404: {"sessionId":"c2f48cc3-8f54-4a48-98f7-1489193a83cd","value":{"error":"no such element","message":"An element could not be located on the page using the given search parameters","stacktrace":"io.appium.uiautomator2.common.exceptions.ElementNotFoundException: An element could not be located on the page using the given search parameters\n\tat io.appium.uiautomator2.handler.FindElement.safeHandle(FindElement.java:70)\n\tat io.appium.uiautomator2.handler.request.SafeRequestHandler.handle(SafeRequestHandler.java:59)\n\tat io.appium.uiautomator2.server.AppiumServlet.handleRequest(AppiumServlet.java:264)\n\tat io.appium.uiautomator2.server.AppiumServlet.handleHttpRequest(AppiumServlet.java:258)\n\tat io.appium.uiautomator2.http.ServerHandler.channelRead(ServerHandler.java:68)\n\tat io.netty.channel.AbstractChannelHandlerContext.invokeChannelRead(AbstractChannelHandlerContext.java:366)\n\tat io.netty.channel.AbstractChannelHandlerContext.invokeChannelRead(AbstractChannelHandlerContext.java:352)\n\tat io.netty.chann...
[debug] &amp#27;[35m[W3C]&amp#27;[39m Matched W3C error code 'no such element' to NoSuchElementError
[debug] &amp#27;[35m[BaseDriver]&amp#27;[39m Waited for 1561 ms so far
[debug] &amp#27;[35m[WD Proxy]&amp#27;[39m Matched '/element' to command name 'findElement'
[debug] &amp#27;[35m[WD Proxy]&amp#27;[39m Proxying [POST /element] to [POST http://127.0.0.1:8200/wd/hub/session/c2f48cc3-8f54-4a48-98f7-1489193a83cd/element] with body: {"strategy":"id","selector":"android:id/message","context":"","multiple":false}
[debug] &amp#27;[35m[WD Proxy]&amp#27;[39m Got response with status 200: {"sessionId":"c2f48cc3-8f54-4a48-98f7-1489193a83cd","value":{"ELEMENT":"00000000-0000-010f-ffff-ffff0000006b","element-6066-11e4-a52e-4f735466cecf":"00000000-0000-010f-ffff-ffff0000006b"}}
[debug] &amp#27;[35m[W3C (c0287309)]&amp#27;[39m Responding to client with driver.findElement() result: {"element-6066-11e4-a52e-4f735466cecf":"00000000-0000-010f-ffff-ffff0000006b","ELEMENT":"00000000-0000-010f-ffff-ffff0000006b"}
&amp#27;[35m[HTTP]&amp#27;[39m &amp#27;[37m<-- POST /wd/hub/session/c0287309-168a-443a-9143-5ceedef20174/element &amp#27;[39m&amp#27;[32m200&amp#27;[39m &amp#27;[90m2614 ms - 137&amp#27;[39m
&amp#27;[35m[HTTP]&amp#27;[39m &amp#27;[90m&amp#27;[39m
&amp#27;[35m[HTTP]&amp#27;[39m &amp#27;[37m-->&amp#27;[39m &amp#27;[37mPOST&amp#27;[39m &amp#27;[37m/wd/hub/session/c0287309-168a-443a-9143-5ceedef20174/element&amp#27;[39m
&amp#27;[35m[HTTP]&amp#27;[39m &amp#27;[90m{"using":"id","value":"android:id/message"}&amp#27;[39m
[debug] &amp#27;[35m[W3C (c0287309)]&amp#27;[39m Calling AppiumDriver.findElement() with args: ["id","android:id/message","c0287309-168a-443a-9143-5ceedef20174"]
[debug] &amp#27;[35m[BaseDriver]&amp#27;[39m Valid locator strategies for this request: xpath, id, class name, accessibility id, css selector, -android uiautomator
[debug] &amp#27;[35m[BaseDriver]&amp#27;[39m Waiting up to 3000 ms for condition
[debug] &amp#27;[35m[WD Proxy]&amp#27;[39m Matched '/element' to command name 'findElement'
[debug] &amp#27;[35m[WD Proxy]&amp#27;[39m Proxying [POST /element] to [POST http://127.0.0.1:8200/wd/hub/session/c2f48cc3-8f54-4a48-98f7-1489193a83cd/element] with body: {"strategy":"id","selector":"android:id/message","context":"","multiple":false}
[debug] &amp#27;[35m[WD Proxy]&amp#27;[39m Got response with status 200: {"sessionId":"c2f48cc3-8f54-4a48-98f7-1489193a83cd","value":{"ELEMENT":"00000000-0000-010f-ffff-ffff0000006b","element-6066-11e4-a52e-4f735466cecf":"00000000-0000-010f-ffff-ffff0000006b"}}
[debug] &amp#27;[35m[W3C (c0287309)]&amp#27;[39m Responding to client with driver.findElement() result: {"element-6066-11e4-a52e-4f735466cecf":"00000000-0000-010f-ffff-ffff0000006b","ELEMENT":"00000000-0000-010f-ffff-ffff0000006b"}
&amp#27;[35m[HTTP]&amp#27;[39m &amp#27;[37m<-- POST /wd/hub/session/c0287309-168a-443a-9143-5ceedef20174/element &amp#27;[39m&amp#27;[32m200&amp#27;[39m &amp#27;[90m16 ms - 137&amp#27;[39m
&amp#27;[35m[HTTP]&amp#27;[39m &amp#27;[90m&amp#27;[39m
&amp#27;[35m[HTTP]&amp#27;[39m &amp#27;[37m-->&amp#27;[39m &amp#27;[37mGET&amp#27;[39m &amp#27;[37m/wd/hub/session/c0287309-168a-443a-9143-5ceedef20174/element/00000000-0000-010f-ffff-ffff0000006b/text&amp#27;[39m
&amp#27;[35m[HTTP]&amp#27;[39m &amp#27;[90m{}&amp#27;[39m
&amp#27;[35m[W3C (c0287309)]&amp#27;[39m Driver proxy active, passing request on via HTTP proxy
[debug] &amp#27;[35m[WD Proxy]&amp#27;[39m Matched '/wd/hub/session/c0287309-168a-443a-9143-5ceedef20174/element/00000000-0000-010f-ffff-ffff0000006b/text' to command name 'getText'
[debug] &amp#27;[35m[WD Proxy]&amp#27;[39m Proxying [GET /wd/hub/session/c0287309-168a-443a-9143-5ceedef20174/element/00000000-0000-010f-ffff-ffff0000006b/text] to [GET http://127.0.0.1:8200/wd/hub/session/c2f48cc3-8f54-4a48-98f7-1489193a83cd/element/00000000-0000-010f-ffff-ffff0000006b/text] with no body
[debug] &amp#27;[35m[WD Proxy]&amp#27;[39m Got response with status 200: {"sessionId":"c2f48cc3-8f54-4a48-98f7-1489193a83cd","value":"You successfully signed up!"}
&amp#27;[35m[WD Proxy]&amp#27;[39m Replacing sessionId c2f48cc3-8f54-4a48-98f7-1489193a83cd with c0287309-168a-443a-9143-5ceedef20174
&amp#27;[35m[HTTP]&amp#27;[39m &amp#27;[37m<-- GET /wd/hub/session/c0287309-168a-443a-9143-5ceedef20174/element/00000000-0000-010f-ffff-ffff0000006b/text &amp#27;[39m&amp#27;[32m200&amp#27;[39m &amp#27;[90m15 ms - 90&amp#27;[39m
&amp#27;[35m[HTTP]&amp#27;[39m &amp#27;[90m&amp#27;[39m
&amp#27;[35m[HTTP]&amp#27;[39m &amp#27;[37m-->&amp#27;[39m &amp#27;[37mPOST&amp#27;[39m &amp#27;[37m/wd/hub/session/c0287309-168a-443a-9143-5ceedef20174/element&amp#27;[39m
&amp#27;[35m[HTTP]&amp#27;[39m &amp#27;[90m{"using":"xpath","value":"//*[contains(@text, 'OK')]"}&amp#27;[39m
[debug] &amp#27;[35m[W3C (c0287309)]&amp#27;[39m Calling AppiumDriver.findElement() with args: ["xpath","//*[contains(@text, 'OK')]","c0287309-168a-443a-9143-5ceedef20174"]
[debug] &amp#27;[35m[BaseDriver]&amp#27;[39m Valid locator strategies for this request: xpath, id, class name, accessibility id, css selector, -android uiautomator
[debug] &amp#27;[35m[BaseDriver]&amp#27;[39m Waiting up to 3000 ms for condition
[debug] &amp#27;[35m[WD Proxy]&amp#27;[39m Matched '/element' to command name 'findElement'
[debug] &amp#27;[35m[WD Proxy]&amp#27;[39m Proxying [POST /element] to [POST http://127.0.0.1:8200/wd/hub/session/c2f48cc3-8f54-4a48-98f7-1489193a83cd/element] with body: {"strategy":"xpath","selector":"//*[contains(@text, 'OK')]","context":"","multiple":false}
[debug] &amp#27;[35m[WD Proxy]&amp#27;[39m Got response with status 200: {"sessionId":"c2f48cc3-8f54-4a48-98f7-1489193a83cd","value":{"ELEMENT":"00000000-0000-010f-ffff-ffff00000069","element-6066-11e4-a52e-4f735466cecf":"00000000-0000-010f-ffff-ffff00000069"}}
[debug] &amp#27;[35m[W3C (c0287309)]&amp#27;[39m Responding to client with driver.findElement() result: {"element-6066-11e4-a52e-4f735466cecf":"00000000-0000-010f-ffff-ffff00000069","ELEMENT":"00000000-0000-010f-ffff-ffff00000069"}
&amp#27;[35m[HTTP]&amp#27;[39m &amp#27;[37m<-- POST /wd/hub/session/c0287309-168a-443a-9143-5ceedef20174/element &amp#27;[39m&amp#27;[32m200&amp#27;[39m &amp#27;[90m54 ms - 137&amp#27;[39m
&amp#27;[35m[HTTP]&amp#27;[39m &amp#27;[90m&amp#27;[39m
&amp#27;[35m[HTTP]&amp#27;[39m &amp#27;[37m-->&amp#27;[39m &amp#27;[37mPOST&amp#27;[39m &amp#27;[37m/wd/hub/session/c0287309-168a-443a-9143-5ceedef20174/element/00000000-0000-010f-ffff-ffff00000069/click&amp#27;[39m
&amp#27;[35m[HTTP]&amp#27;[39m &amp#27;[90m{"id":"00000000-0000-010f-ffff-ffff00000069"}&amp#27;[39m
[debug] &amp#27;[35m[W3C (c0287309)]&amp#27;[39m Calling AppiumDriver.click() with args: ["00000000-0000-010f-ffff-ffff00000069","c0287309-168a-443a-9143-5ceedef20174"]
[debug] &amp#27;[35m[WD Proxy]&amp#27;[39m Matched '/element/00000000-0000-010f-ffff-ffff00000069/click' to command name 'click'
[debug] &amp#27;[35m[WD Proxy]&amp#27;[39m Proxying [POST /element/00000000-0000-010f-ffff-ffff00000069/click] to [POST http://127.0.0.1:8200/wd/hub/session/c2f48cc3-8f54-4a48-98f7-1489193a83cd/element/00000000-0000-010f-ffff-ffff00000069/click] with body: {"element":"00000000-0000-010f-ffff-ffff00000069"}
[debug] &amp#27;[35m[WD Proxy]&amp#27;[39m Got response with status 200: {"sessionId":"c2f48cc3-8f54-4a48-98f7-1489193a83cd","value":null}
[debug] &amp#27;[35m[W3C (c0287309)]&amp#27;[39m Responding to client with driver.click() result: null
&amp#27;[35m[HTTP]&amp#27;[39m &amp#27;[37m<-- POST /wd/hub/session/c0287309-168a-443a-9143-5ceedef20174/element/00000000-0000-010f-ffff-ffff00000069/click &amp#27;[39m&amp#27;[32m200&amp#27;[39m &amp#27;[90m22 ms - 14&amp#27;[39m
&amp#27;[35m[HTTP]&amp#27;[39m &amp#27;[90m&amp#27;[39m
]]></system-out>
    <system-err><![CDATA[SLF4J: Failed to load class "org.slf4j.impl.StaticLoggerBinder".
SLF4J: Defaulting to no-operation (NOP) logger implementation
SLF4J: See http://www.slf4j.org/codes.html#StaticLoggerBinder for further details.
Nov 27, 2021 7:04:23 AM io.appium.java_client.remote.AppiumCommandExecutor$1 lambda$0
INFO: Detected dialect: W3C
]]></system-err>
  </testcase>
  <testcase name="loginWithCorrectCreds" classname="test.authentication.LoginTest" time="14.783">
    <system-out><![CDATA[&amp#27;[35m[Appium]&amp#27;[39m Welcome to Appium v1.22.0
&amp#27;[35m[Appium]&amp#27;[39m Non-default server args:
&amp#27;[35m[Appium]&amp#27;[39m   address: 127.0.0.1
&amp#27;[35m[Appium]&amp#27;[39m   port: 39139
&amp#27;[35m[Appium]&amp#27;[39m   allowInsecure: {
&amp#27;[35m[Appium]&amp#27;[39m     0: chromedriver_autodownload
&amp#27;[35m[Appium]&amp#27;[39m   }
&amp#27;[35m[Appium]&amp#27;[39m Appium REST http interface listener started on 127.0.0.1:39139
&amp#27;[35m[HTTP]&amp#27;[39m &amp#27;[37m-->&amp#27;[39m &amp#27;[37mGET&amp#27;[39m &amp#27;[37m/wd/hub/status&amp#27;[39m
&amp#27;[35m[HTTP]&amp#27;[39m &amp#27;[90m{}&amp#27;[39m
[debug] &amp#27;[35m[GENERIC]&amp#27;[39m Calling AppiumDriver.getStatus() with args: []
[debug] &amp#27;[35m[GENERIC]&amp#27;[39m Responding to client with driver.getStatus() result: {"build":{"version":"1.22.0"}}
&amp#27;[35m[HTTP]&amp#27;[39m &amp#27;[37m<-- GET /wd/hub/status &amp#27;[39m&amp#27;[32m200&amp#27;[39m &amp#27;[90m4 ms - 68&amp#27;[39m
&amp#27;[35m[HTTP]&amp#27;[39m &amp#27;[90m&amp#27;[39m
[debug] &amp#27;[35m[HTTP]&amp#27;[39m Request idempotency key: a68e40e1-d5c7-48e0-a67c-51fbd0706692
&amp#27;[35m[HTTP]&amp#27;[39m &amp#27;[37m-->&amp#27;[39m &amp#27;[37mPOST&amp#27;[39m &amp#27;[37m/wd/hub/session&amp#27;[39m
&amp#27;[35m[HTTP]&amp#27;[39m &amp#27;[90m{"desiredCapabilities":{"appActivity":"com.wdiodemoapp.MainActivity","appPackage":"com.wdiodemoapp","newCommandTimeout":120,"automationName":"uiautomator2","platformName":"Android","udid":"emulator-5554","avd":"android_28"},"capabilities":{"firstMatch":[{"appium:appActivity":"com.wdiodemoapp.MainActivity","appium:appPackage":"com.wdiodemoapp","appium:automationName":"uiautomator2","appium:avd":"android_28","appium:newCommandTimeout":120,"platformName":"android","appium:udid":"emulator-5554"}]}}&amp#27;[39m
[debug] &amp#27;[35m[W3C]&amp#27;[39m Calling AppiumDriver.createSession() with args: [{"appActivity":"com.wdiodemoapp.MainActivity","appPackage":"com.wdiodemoapp","newCommandTimeout":120,"automationName":"uiautomator2","platformName":"Android","udid":"emulator-5554","avd":"android_28"},null,{"firstMatch":[{"appium:appActivity":"com.wdiodemoapp.MainActivity","appium:appPackage":"com.wdiodemoapp","appium:automationName":"uiautomator2","appium:avd":"android_28","appium:newCommandTimeout":120,"platformName":"android","appium:udid":"emulator-5554"}]}]
[debug] &amp#27;[35m[BaseDriver]&amp#27;[39m Event 'newSessionRequested' logged at 1637971474367 (07:04:34 GMT+0700 (Indochina Time))
&amp#27;[35m[Appium]&amp#27;[39m Appium v1.22.0 creating new AndroidUiautomator2Driver (v1.69.0) session
&amp#27;[35m[Appium]&amp#27;[39m Explicitly enabling use of insecure features:
&amp#27;[35m[Appium]&amp#27;[39m     chromedriver_autodownload
[debug] &amp#27;[35m[BaseDriver]&amp#27;[39m W3C capabilities and MJSONWP desired capabilities were provided
[debug] &amp#27;[35m[BaseDriver]&amp#27;[39m Creating session with W3C capabilities: {
[debug] &amp#27;[35m[BaseDriver]&amp#27;[39m   "alwaysMatch": {
[debug] &amp#27;[35m[BaseDriver]&amp#27;[39m     "platformName": "android",
[debug] &amp#27;[35m[BaseDriver]&amp#27;[39m     "appium:appActivity": "com.wdiodemoapp.MainActivity",
[debug] &amp#27;[35m[BaseDriver]&amp#27;[39m     "appium:appPackage": "com.wdiodemoapp",
[debug] &amp#27;[35m[BaseDriver]&amp#27;[39m     "appium:automationName": "uiautomator2",
[debug] &amp#27;[35m[BaseDriver]&amp#27;[39m     "appium:avd": "android_28",
[debug] &amp#27;[35m[BaseDriver]&amp#27;[39m     "appium:newCommandTimeout": 120,
[debug] &amp#27;[35m[BaseDriver]&amp#27;[39m     "appium:udid": "emulator-5554"
[debug] &amp#27;[35m[BaseDriver]&amp#27;[39m   },
[debug] &amp#27;[35m[BaseDriver]&amp#27;[39m   "firstMatch": [
[debug] &amp#27;[35m[BaseDriver]&amp#27;[39m     {}
[debug] &amp#27;[35m[BaseDriver]&amp#27;[39m   ]
[debug] &amp#27;[35m[BaseDriver]&amp#27;[39m }
&amp#27;[35m[BaseDriver]&amp#27;[39m Session created with session id: 7626d4ff-af92-46e4-a019-5b4967b7f55f
&amp#27;[35m[UiAutomator2]&amp#27;[39m Starting 'com.wdiodemoapp' directly on the device
&amp#27;[35m[ADB]&amp#27;[39m Found 3 'build-tools' folders under 'C:\Android\sdk' (newest first):
&amp#27;[35m[ADB]&amp#27;[39m     C:/Android/sdk/build-tools/30.0.2
&amp#27;[35m[ADB]&amp#27;[39m     C:/Android/sdk/build-tools/29.0.2
&amp#27;[35m[ADB]&amp#27;[39m     C:/Android/sdk/build-tools/28.0.3
&amp#27;[35m[ADB]&amp#27;[39m Using 'adb.exe' from 'C:\Android\sdk\platform-tools\adb.exe'
[debug] &amp#27;[35m[ADB]&amp#27;[39m Running 'C:\Android\sdk\platform-tools\adb.exe -P 5037 start-server'
[debug] &amp#27;[35m[ADB]&amp#27;[39m Trying to find 'android_28' emulator
[debug] &amp#27;[35m[ADB]&amp#27;[39m Getting connected emulators
[debug] &amp#27;[35m[ADB]&amp#27;[39m Getting connected devices
[debug] &amp#27;[35m[ADB]&amp#27;[39m Connected devices: [{"udid":"emulator-5554","state":"device"}]
[debug] &amp#27;[35m[ADB]&amp#27;[39m 1 emulator connected
[debug] &amp#27;[35m[ADB]&amp#27;[39m Overriding C:\Users\dhtanh\.emulator_console_auth_token with an empty string to avoid telnet authentication for emulator commands
[debug] &amp#27;[35m[ADB]&amp#27;[39m Executing Emulator console command: avd name
[debug] &amp#27;[35m[ADB]&amp#27;[39m Found emulator 'android_28' on port 5554
[debug] &amp#27;[35m[ADB]&amp#27;[39m Setting device id to emulator-5554
[debug] &amp#27;[35m[AndroidDriver]&amp#27;[39m Not launching AVD because it is already running.
&amp#27;[35m[AndroidDriver]&amp#27;[39m Using device: emulator-5554
&amp#27;[35m[ADB]&amp#27;[39m Using 'adb.exe' from 'C:\Android\sdk\platform-tools\adb.exe'
[debug] &amp#27;[35m[ADB]&amp#27;[39m Running 'C:\Android\sdk\platform-tools\adb.exe -P 5037 start-server'
[debug] &amp#27;[35m[ADB]&amp#27;[39m Setting device id to emulator-5554
[debug] &amp#27;[35m[ADB]&amp#27;[39m Running 'C:\Android\sdk\platform-tools\adb.exe -P 5037 -s emulator-5554 shell getprop ro.build.version.sdk'
[debug] &amp#27;[35m[ADB]&amp#27;[39m Current device property 'ro.build.version.sdk': 28
&amp#27;[35m[ADB]&amp#27;[39m Getting device platform version
[debug] &amp#27;[35m[ADB]&amp#27;[39m Running 'C:\Android\sdk\platform-tools\adb.exe -P 5037 -s emulator-5554 shell getprop ro.build.version.release'
[debug] &amp#27;[35m[ADB]&amp#27;[39m Current device property 'ro.build.version.release': 9
[debug] &amp#27;[35m[ADB]&amp#27;[39m Device API level: 28
&amp#27;[35m[UiAutomator2]&amp#27;[39m Relaxing hidden api policy
[debug] &amp#27;[35m[ADB]&amp#27;[39m Running 'C:\Android\sdk\platform-tools\adb.exe -P 5037 -s emulator-5554 shell 'settings put global hidden_api_policy_pre_p_apps 1;settings put global hidden_api_policy_p_apps 1;settings put global hidden_api_policy 1''
&amp#27;[35m[AndroidDriver]&amp#27;[39m No app sent in, not parsing package/activity
[debug] &amp#27;[35m[ADB]&amp#27;[39m Running 'C:\Android\sdk\platform-tools\adb.exe -P 5037 -s emulator-5554 wait-for-device'
[debug] &amp#27;[35m[ADB]&amp#27;[39m Running 'C:\Android\sdk\platform-tools\adb.exe -P 5037 -s emulator-5554 shell echo ping'
[debug] &amp#27;[35m[AndroidDriver]&amp#27;[39m Pushing settings apk to device...
[debug] &amp#27;[35m[ADB]&amp#27;[39m Getting install status for io.appium.settings
[debug] &amp#27;[35m[ADB]&amp#27;[39m Running 'C:\Android\sdk\platform-tools\adb.exe -P 5037 -s emulator-5554 shell dumpsys package io.appium.settings'
[debug] &amp#27;[35m[ADB]&amp#27;[39m 'io.appium.settings' is installed
[debug] &amp#27;[35m[ADB]&amp#27;[39m Getting package info for 'io.appium.settings'
[debug] &amp#27;[35m[ADB]&amp#27;[39m Running 'C:\Android\sdk\platform-tools\adb.exe -P 5037 -s emulator-5554 shell dumpsys package io.appium.settings'
[debug] &amp#27;[35m[ADB]&amp#27;[39m The version name of the installed 'io.appium.settings' is greater or equal to the application version name ('3.4.0' >= '3.4.0')
[debug] &amp#27;[35m[ADB]&amp#27;[39m There is no need to install/upgrade 'C:\Users\dhtanh\AppData\Roaming\npm\node_modules\appium\node_modules\io.appium.settings\apks\settings_apk-debug.apk'
[debug] &amp#27;[35m[ADB]&amp#27;[39m Getting IDs of all 'io.appium.settings' processes
[debug] &amp#27;[35m[ADB]&amp#27;[39m Running 'C:\Android\sdk\platform-tools\adb.exe -P 5037 -s emulator-5554 shell 'pgrep --help; echo $?''
[debug] &amp#27;[35m[ADB]&amp#27;[39m Running 'C:\Android\sdk\platform-tools\adb.exe -P 5037 -s emulator-5554 shell pgrep -f \(\[\[:blank:\]\]\|\^\)io\.appium\.settings\(\[\[:blank:\]\]\|\$\)'
[debug] &amp#27;[35m[AndroidDriver]&amp#27;[39m io.appium.settings is already running. There is no need to reset its permissions.
[debug] &amp#27;[35m[Logcat]&amp#27;[39m Starting logs capture with command: C:\\Android\\sdk\\platform-tools\\adb.exe -P 5037 -s emulator-5554 logcat -v threadtime
[debug] &amp#27;[35m[UiAutomator2]&amp#27;[39m Forwarding UiAutomator2 Server port 6790 to local port 8201
[debug] &amp#27;[35m[ADB]&amp#27;[39m Forwarding system: 8201 to device: 6790
[debug] &amp#27;[35m[ADB]&amp#27;[39m Running 'C:\Android\sdk\platform-tools\adb.exe -P 5037 -s emulator-5554 forward tcp:8201 tcp:6790'
[debug] &amp#27;[35m[ADB]&amp#27;[39m Getting install status for io.appium.uiautomator2.server
[debug] &amp#27;[35m[ADB]&amp#27;[39m Running 'C:\Android\sdk\platform-tools\adb.exe -P 5037 -s emulator-5554 shell dumpsys package io.appium.uiautomator2.server'
[debug] &amp#27;[35m[ADB]&amp#27;[39m 'io.appium.uiautomator2.server' is installed
[debug] &amp#27;[35m[ADB]&amp#27;[39m Getting package info for 'io.appium.uiautomator2.server'
[debug] &amp#27;[35m[ADB]&amp#27;[39m Running 'C:\Android\sdk\platform-tools\adb.exe -P 5037 -s emulator-5554 shell dumpsys package io.appium.uiautomator2.server'
[debug] &amp#27;[35m[ADB]&amp#27;[39m The version name of the installed 'io.appium.uiautomator2.server' is greater or equal to the application version name ('4.24.0' >= '4.24.0')
[debug] &amp#27;[35m[UiAutomator2]&amp#27;[39m io.appium.uiautomator2.server installation state: sameVersionInstalled
[debug] &amp#27;[35m[ADB]&amp#27;[39m Checking app cert for C:\Users\dhtanh\AppData\Roaming\npm\node_modules\appium\node_modules\appium-uiautomator2-server\apks\appium-uiautomator2-server-v4.24.0.apk
&amp#27;[35m[ADB]&amp#27;[39m Using 'apksigner.jar' from 'C:\Android\sdk\build-tools\30.0.2\lib\apksigner.jar'
[debug] &amp#27;[35m[ADB]&amp#27;[39m Starting apksigner: 'C:\\Program Files\\Java\\jdk-16.0.2\\bin\\java.exe' -Xmx1024M -Xss1m -jar C:\\Android\\sdk\\build-tools\\30.0.2\\lib\\apksigner.jar verify --print-certs C:\\Users\\dhtanh\\AppData\\Roaming\\npm\\node_modules\\appium\\node_modules\\appium-uiautomator2-server\\apks\\appium-uiautomator2-server-v4.24.0.apk
[debug] &amp#27;[35m[ADB]&amp#27;[39m apksigner stdout: Signer #1 certificate DN: EMAILADDRESS=android@android.com, CN=Android, OU=Android, O=Android, L=Mountain View, ST=California, C=US
[debug] &amp#27;[35m[ADB]&amp#27;[39m Signer #1 certificate SHA-256 digest: a40da80a59d170caa950cf15c18c454d47a39b26989d8b640ecd745ba71bf5dc
[debug] &amp#27;[35m[ADB]&amp#27;[39m Signer #1 certificate SHA-1 digest: 61ed377e85d386a8dfee6b864bd85b0bfaa5af81
[debug] &amp#27;[35m[ADB]&amp#27;[39m Signer #1 certificate MD5 digest: e89b158e4bcf988ebd09eb83f5378e87
[debug] &amp#27;[35m[ADB]&amp#27;[39m 
[debug] &amp#27;[35m[ADB]&amp#27;[39m sha256 hash did match for 'appium-uiautomator2-server-v4.24.0.apk'
&amp#27;[35m[ADB]&amp#27;[39m 'C:\Users\dhtanh\AppData\Roaming\npm\node_modules\appium\node_modules\appium-uiautomator2-server\apks\appium-uiautomator2-server-v4.24.0.apk' is signed with the default certificate
[debug] &amp#27;[35m[ADB]&amp#27;[39m Getting install status for io.appium.uiautomator2.server.test
[debug] &amp#27;[35m[ADB]&amp#27;[39m Running 'C:\Android\sdk\platform-tools\adb.exe -P 5037 -s emulator-5554 shell dumpsys package io.appium.uiautomator2.server.test'
[debug] &amp#27;[35m[ADB]&amp#27;[39m 'io.appium.uiautomator2.server.test' is installed
[debug] &amp#27;[35m[ADB]&amp#27;[39m Checking app cert for C:\Users\dhtanh\AppData\Roaming\npm\node_modules\appium\node_modules\appium-uiautomator2-server\apks\appium-uiautomator2-server-debug-androidTest.apk
[debug] &amp#27;[35m[ADB]&amp#27;[39m Starting apksigner: 'C:\\Program Files\\Java\\jdk-16.0.2\\bin\\java.exe' -Xmx1024M -Xss1m -jar C:\\Android\\sdk\\build-tools\\30.0.2\\lib\\apksigner.jar verify --print-certs C:\\Users\\dhtanh\\AppData\\Roaming\\npm\\node_modules\\appium\\node_modules\\appium-uiautomator2-server\\apks\\appium-uiautomator2-server-debug-androidTest.apk
[debug] &amp#27;[35m[ADB]&amp#27;[39m apksigner stdout: Signer #1 certificate DN: EMAILADDRESS=android@android.com, CN=Android, OU=Android, O=Android, L=Mountain View, ST=California, C=US
[debug] &amp#27;[35m[ADB]&amp#27;[39m Signer #1 certificate SHA-256 digest: a40da80a59d170caa950cf15c18c454d47a39b26989d8b640ecd745ba71bf5dc
[debug] &amp#27;[35m[ADB]&amp#27;[39m Signer #1 certificate SHA-1 digest: 61ed377e85d386a8dfee6b864bd85b0bfaa5af81
[debug] &amp#27;[35m[ADB]&amp#27;[39m Signer #1 certificate MD5 digest: e89b158e4bcf988ebd09eb83f5378e87
[debug] &amp#27;[35m[ADB]&amp#27;[39m 
[debug] &amp#27;[35m[ADB]&amp#27;[39m sha256 hash did match for 'appium-uiautomator2-server-debug-androidTest.apk'
&amp#27;[35m[ADB]&amp#27;[39m 'C:\Users\dhtanh\AppData\Roaming\npm\node_modules\appium\node_modules\appium-uiautomator2-server\apks\appium-uiautomator2-server-debug-androidTest.apk' is signed with the default certificate
&amp#27;[35m[UiAutomator2]&amp#27;[39m Server packages are not going to be (re)installed
[debug] &amp#27;[35m[UiAutomator2]&amp#27;[39m Waiting up to 30000ms for services to be available
[debug] &amp#27;[35m[ADB]&amp#27;[39m Running 'C:\Android\sdk\platform-tools\adb.exe -P 5037 -s emulator-5554 shell pm list instrumentation'
[debug] &amp#27;[35m[UiAutomator2]&amp#27;[39m Instrumentation target 'io.appium.uiautomator2.server.test/androidx.test.runner.AndroidJUnitRunner' is available
&amp#27;[35m[ADB]&amp#27;[39m Adding packages ["io.appium.settings","io.appium.uiautomator2.server","io.appium.uiautomator2.server.test"] to Doze whitelist
[debug] &amp#27;[35m[ADB]&amp#27;[39m Got the following command chunks to execute: [["dumpsys","deviceidle","whitelist","+io.appium.settings",";","dumpsys","deviceidle","whitelist","+io.appium.uiautomator2.server",";","dumpsys","deviceidle","whitelist","+io.appium.uiautomator2.server.test",";"]]
[debug] &amp#27;[35m[ADB]&amp#27;[39m Running 'C:\Android\sdk\platform-tools\adb.exe -P 5037 -s emulator-5554 shell dumpsys deviceidle whitelist +io.appium.settings ; dumpsys deviceidle whitelist +io.appium.uiautomator2.server ; dumpsys deviceidle whitelist +io.appium.uiautomator2.server.test ;'
[debug] &amp#27;[35m[UiAutomator2]&amp#27;[39m No app capability. Assuming it is already on the device
[debug] &amp#27;[35m[ADB]&amp#27;[39m Getting install status for com.wdiodemoapp
[debug] &amp#27;[35m[ADB]&amp#27;[39m Running 'C:\Android\sdk\platform-tools\adb.exe -P 5037 -s emulator-5554 shell dumpsys package com.wdiodemoapp'
[...]
[debug] &amp#27;[35m[Protocol Converter]&amp#27;[39m Added 'value' property ["U","a","M","m","T","K","b","g","@","g","m","a","i","l",".","c","o","m"] to 'setValue' request body
[debug] &amp#27;[35m[WD Proxy]&amp#27;[39m Proxying [POST /element/00000000-0000-0118-ffff-ffff00000036/value] to [POST http://127.0.0.1:8201/wd/hub/session/cd575594-9824-43c8-a43f-b75ed2697fe0/element/00000000-0000-0118-ffff-ffff00000036/value] with body: {"elementId":"00000000-0000-0118-ffff-ffff00000036","text":"UaMmTKbg@gmail.com","replace":false,"value":["U","a","M","m","T","K","b","g","@","g","m","a","i","l",".","c","o","m"]}
[debug] &amp#27;[35m[WD Proxy]&amp#27;[39m Got response with status 200: {"sessionId":"cd575594-9824-43c8-a43f-b75ed2697fe0","value":null}
[debug] &amp#27;[35m[W3C (7626d4ff)]&amp#27;[39m Responding to client with driver.setValue() result: null
&amp#27;[35m[HTTP]&amp#27;[39m &amp#27;[37m<-- POST /wd/hub/session/7626d4ff-af92-46e4-a019-5b4967b7f55f/element/00000000-0000-0118-ffff-ffff00000036/value &amp#27;[39m&amp#27;[32m200&amp#27;[39m &amp#27;[90m593 ms - 14&amp#27;[39m
&amp#27;[35m[HTTP]&amp#27;[39m &amp#27;[90m&amp#27;[39m
&amp#27;[35m[HTTP]&amp#27;[39m &amp#27;[37m-->&amp#27;[39m &amp#27;[37mPOST&amp#27;[39m &amp#27;[37m/wd/hub/session/7626d4ff-af92-46e4-a019-5b4967b7f55f/element&amp#27;[39m
&amp#27;[35m[HTTP]&amp#27;[39m &amp#27;[90m{"using":"xpath","value":"//android.widget.EditText[@content-desc='input-password']"}&amp#27;[39m
[debug] &amp#27;[35m[W3C (7626d4ff)]&amp#27;[39m Calling AppiumDriver.findElement() with args: ["xpath","//android.widget.EditText[@content-desc='input-password']","7626d4ff-af92-46e4-a019-5b4967b7f55f"]
[debug] &amp#27;[35m[BaseDriver]&amp#27;[39m Valid locator strategies for this request: xpath, id, class name, accessibility id, css selector, -android uiautomator
[debug] &amp#27;[35m[BaseDriver]&amp#27;[39m Waiting up to 3000 ms for condition
[debug] &amp#27;[35m[WD Proxy]&amp#27;[39m Matched '/element' to command name 'findElement'
[debug] &amp#27;[35m[WD Proxy]&amp#27;[39m Proxying [POST /element] to [POST http://127.0.0.1:8201/wd/hub/session/cd575594-9824-43c8-a43f-b75ed2697fe0/element] with body: {"strategy":"xpath","selector":"//android.widget.EditText[@content-desc='input-password']","context":"","multiple":false}
[debug] &amp#27;[35m[WD Proxy]&amp#27;[39m Got response with status 200: {"sessionId":"cd575594-9824-43c8-a43f-b75ed2697fe0","value":{"ELEMENT":"00000000-0000-0118-ffff-ffff00000037","element-6066-11e4-a52e-4f735466cecf":"00000000-0000-0118-ffff-ffff00000037"}}
[debug] &amp#27;[35m[W3C (7626d4ff)]&amp#27;[39m Responding to client with driver.findElement() result: {"element-6066-11e4-a52e-4f735466cecf":"00000000-0000-0118-ffff-ffff00000037","ELEMENT":"00000000-0000-0118-ffff-ffff00000037"}
&amp#27;[35m[HTTP]&amp#27;[39m &amp#27;[37m<-- POST /wd/hub/session/7626d4ff-af92-46e4-a019-5b4967b7f55f/element &amp#27;[39m&amp#27;[32m200&amp#27;[39m &amp#27;[90m647 ms - 137&amp#27;[39m
&amp#27;[35m[HTTP]&amp#27;[39m &amp#27;[90m&amp#27;[39m
&amp#27;[35m[HTTP]&amp#27;[39m &amp#27;[37m-->&amp#27;[39m &amp#27;[37mPOST&amp#27;[39m &amp#27;[37m/wd/hub/session/7626d4ff-af92-46e4-a019-5b4967b7f55f/element/00000000-0000-0118-ffff-ffff00000037/value&amp#27;[39m
&amp#27;[35m[HTTP]&amp#27;[39m &amp#27;[90m{"id":"00000000-0000-0118-ffff-ffff00000037","text":"wATMHCtz","value":["w","A","T","M","H","C","t","z"]}&amp#27;[39m
[debug] &amp#27;[35m[W3C (7626d4ff)]&amp#27;[39m Calling AppiumDriver.setValue() with args: [["w","A","T","M","H","C","t","z"],"00000000-0000-0118-ffff-ffff00000037","7626d4ff-af92-46e4-a019-5b4967b7f55f"]
[debug] &amp#27;[35m[WD Proxy]&amp#27;[39m Matched '/element/00000000-0000-0118-ffff-ffff00000037/value' to command name 'setValue'
[debug] &amp#27;[35m[Protocol Converter]&amp#27;[39m Added 'value' property ["w","A","T","M","H","C","t","z"] to 'setValue' request body
[debug] &amp#27;[35m[WD Proxy]&amp#27;[39m Proxying [POST /element/00000000-0000-0118-ffff-ffff00000037/value] to [POST http://127.0.0.1:8201/wd/hub/session/cd575594-9824-43c8-a43f-b75ed2697fe0/element/00000000-0000-0118-ffff-ffff00000037/value] with body: {"elementId":"00000000-0000-0118-ffff-ffff00000037","text":"wATMHCtz","replace":false,"value":["w","A","T","M","H","C","t","z"]}
[debug] &amp#27;[35m[WD Proxy]&amp#27;[39m Got response with status 200: {"sessionId":"cd575594-9824-43c8-a43f-b75ed2697fe0","value":null}
[debug] &amp#27;[35m[W3C (7626d4ff)]&amp#27;[39m Responding to client with driver.setValue() result: null
&amp#27;[35m[HTTP]&amp#27;[39m &amp#27;[37m<-- POST /wd/hub/session/7626d4ff-af92-46e4-a019-5b4967b7f55f/element/00000000-0000-0118-ffff-ffff00000037/value &amp#27;[39m&amp#27;[32m200&amp#27;[39m &amp#27;[90m44 ms - 14&amp#27;[39m
&amp#27;[35m[HTTP]&amp#27;[39m &amp#27;[90m&amp#27;[39m
&amp#27;[35m[HTTP]&amp#27;[39m &amp#27;[37m-->&amp#27;[39m &amp#27;[37mPOST&amp#27;[39m &amp#27;[37m/wd/hub/session/7626d4ff-af92-46e4-a019-5b4967b7f55f/element&amp#27;[39m
&amp#27;[35m[HTTP]&amp#27;[39m &amp#27;[90m{"using":"accessibility id","value":"button-LOGIN"}&amp#27;[39m
[debug] &amp#27;[35m[W3C (7626d4ff)]&amp#27;[39m Calling AppiumDriver.findElement() with args: ["accessibility id","button-LOGIN","7626d4ff-af92-46e4-a019-5b4967b7f55f"]
[debug] &amp#27;[35m[BaseDriver]&amp#27;[39m Valid locator strategies for this request: xpath, id, class name, accessibility id, css selector, -android uiautomator
[debug] &amp#27;[35m[BaseDriver]&amp#27;[39m Waiting up to 3000 ms for condition
[debug] &amp#27;[35m[WD Proxy]&amp#27;[39m Matched '/element' to command name 'findElement'
[debug] &amp#27;[35m[WD Proxy]&amp#27;[39m Proxying [POST /element] to [POST http://127.0.0.1:8201/wd/hub/session/cd575594-9824-43c8-a43f-b75ed2697fe0/element] with body: {"strategy":"accessibility id","selector":"button-LOGIN","context":"","multiple":false}
[debug] &amp#27;[35m[WD Proxy]&amp#27;[39m Got response with status 200: {"sessionId":"cd575594-9824-43c8-a43f-b75ed2697fe0","value":{"ELEMENT":"00000000-0000-0118-ffff-ffff0000004f","element-6066-11e4-a52e-4f735466cecf":"00000000-0000-0118-ffff-ffff0000004f"}}
[debug] &amp#27;[35m[W3C (7626d4ff)]&amp#27;[39m Responding to client with driver.findElement() result: {"element-6066-11e4-a52e-4f735466cecf":"00000000-0000-0118-ffff-ffff0000004f","ELEMENT":"00000000-0000-0118-ffff-ffff0000004f"}
&amp#27;[35m[HTTP]&amp#27;[39m &amp#27;[37m<-- POST /wd/hub/session/7626d4ff-af92-46e4-a019-5b4967b7f55f/element &amp#27;[39m&amp#27;[32m200&amp#27;[39m &amp#27;[90m621 ms - 137&amp#27;[39m
&amp#27;[35m[HTTP]&amp#27;[39m &amp#27;[90m&amp#27;[39m
&amp#27;[35m[HTTP]&amp#27;[39m &amp#27;[37m-->&amp#27;[39m &amp#27;[37mPOST&amp#27;[39m &amp#27;[37m/wd/hub/session/7626d4ff-af92-46e4-a019-5b4967b7f55f/element/00000000-0000-0118-ffff-ffff0000004f/click&amp#27;[39m
&amp#27;[35m[HTTP]&amp#27;[39m &amp#27;[90m{"id":"00000000-0000-0118-ffff-ffff0000004f"}&amp#27;[39m
[debug] &amp#27;[35m[W3C (7626d4ff)]&amp#27;[39m Calling AppiumDriver.click() with args: ["00000000-0000-0118-ffff-ffff0000004f","7626d4ff-af92-46e4-a019-5b4967b7f55f"]
[debug] &amp#27;[35m[WD Proxy]&amp#27;[39m Matched '/element/00000000-0000-0118-ffff-ffff0000004f/click' to command name 'click'
[debug] &amp#27;[35m[WD Proxy]&amp#27;[39m Proxying [POST /element/00000000-0000-0118-ffff-ffff0000004f/click] to [POST http://127.0.0.1:8201/wd/hub/session/cd575594-9824-43c8-a43f-b75ed2697fe0/element/00000000-0000-0118-ffff-ffff0000004f/click] with body: {"element":"00000000-0000-0118-ffff-ffff0000004f"}
[debug] &amp#27;[35m[WD Proxy]&amp#27;[39m Got response with status 200: {"sessionId":"cd575594-9824-43c8-a43f-b75ed2697fe0","value":null}
[debug] &amp#27;[35m[W3C (7626d4ff)]&amp#27;[39m Responding to client with driver.click() result: null
&amp#27;[35m[HTTP]&amp#27;[39m &amp#27;[37m<-- POST /wd/hub/session/7626d4ff-af92-46e4-a019-5b4967b7f55f/element/00000000-0000-0118-ffff-ffff0000004f/click &amp#27;[39m&amp#27;[32m200&amp#27;[39m &amp#27;[90m22 ms - 14&amp#27;[39m
&amp#27;[35m[HTTP]&amp#27;[39m &amp#27;[90m&amp#27;[39m
&amp#27;[35m[HTTP]&amp#27;[39m &amp#27;[37m-->&amp#27;[39m &amp#27;[37mPOST&amp#27;[39m &amp#27;[37m/wd/hub/session/7626d4ff-af92-46e4-a019-5b4967b7f55f/element&amp#27;[39m
&amp#27;[35m[HTTP]&amp#27;[39m &amp#27;[90m{"using":"xpath","value":"//*[contains(@text, 'When the device')]"}&amp#27;[39m
[debug] &amp#27;[35m[W3C (7626d4ff)]&amp#27;[39m Calling AppiumDriver.findElement() with args: ["xpath","//*[contains(@text, 'When the device')]","7626d4ff-af92-46e4-a019-5b4967b7f55f"]
[debug] &amp#27;[35m[BaseDriver]&amp#27;[39m Valid locator strategies for this request: xpath, id, class name, accessibility id, css selector, -android uiautomator
[debug] &amp#27;[35m[BaseDriver]&amp#27;[39m Waiting up to 3000 ms for condition
[debug] &amp#27;[35m[WD Proxy]&amp#27;[39m Matched '/element' to command name 'findElement'
[debug] &amp#27;[35m[WD Proxy]&amp#27;[39m Proxying [POST /element] to [POST http://127.0.0.1:8201/wd/hub/session/cd575594-9824-43c8-a43f-b75ed2697fe0/element] with body: {"strategy":"xpath","selector":"//*[contains(@text, 'When the device')]","context":"","multiple":false}
[debug] &amp#27;[35m[WD Proxy]&amp#27;[39m Got response with status 200: {"sessionId":"cd575594-9824-43c8-a43f-b75ed2697fe0","value":{"ELEMENT":"00000000-0000-0118-ffff-ffff0000004e","element-6066-11e4-a52e-4f735466cecf":"00000000-0000-0118-ffff-ffff0000004e"}}
[debug] &amp#27;[35m[W3C (7626d4ff)]&amp#27;[39m Responding to client with driver.findElement() result: {"element-6066-11e4-a52e-4f735466cecf":"00000000-0000-0118-ffff-ffff0000004e","ELEMENT":"00000000-0000-0118-ffff-ffff0000004e"}
&amp#27;[35m[HTTP]&amp#27;[39m &amp#27;[37m<-- POST /wd/hub/session/7626d4ff-af92-46e4-a019-5b4967b7f55f/element &amp#27;[39m&amp#27;[32m200&amp#27;[39m &amp#27;[90m68 ms - 137&amp#27;[39m
&amp#27;[35m[HTTP]&amp#27;[39m &amp#27;[90m&amp#27;[39m
&amp#27;[35m[HTTP]&amp#27;[39m &amp#27;[37m-->&amp#27;[39m &amp#27;[37mGET&amp#27;[39m &amp#27;[37m/wd/hub/session/7626d4ff-af92-46e4-a019-5b4967b7f55f/element/00000000-0000-0118-ffff-ffff0000004e/text&amp#27;[39m
&amp#27;[35m[HTTP]&amp#27;[39m &amp#27;[90m{}&amp#27;[39m
&amp#27;[35m[W3C (7626d4ff)]&amp#27;[39m Driver proxy active, passing request on via HTTP proxy
[debug] &amp#27;[35m[WD Proxy]&amp#27;[39m Matched '/wd/hub/session/7626d4ff-af92-46e4-a019-5b4967b7f55f/element/00000000-0000-0118-ffff-ffff0000004e/text' to command name 'getText'
[debug] &amp#27;[35m[WD Proxy]&amp#27;[39m Proxying [GET /wd/hub/session/7626d4ff-af92-46e4-a019-5b4967b7f55f/element/00000000-0000-0118-ffff-ffff0000004e/text] to [GET http://127.0.0.1:8201/wd/hub/session/cd575594-9824-43c8-a43f-b75ed2697fe0/element/00000000-0000-0118-ffff-ffff0000004e/text] with no body
[debug] &amp#27;[35m[WD Proxy]&amp#27;[39m Got response with status 200: {"sessionId":"cd575594-9824-43c8-a43f-b75ed2697fe0","value":"When the device has Touch/FaceID (iOS) or FingerPrint enabled a biometrics button will be shown to use and test the login."}
&amp#27;[35m[WD Proxy]&amp#27;[39m Replacing sessionId cd575594-9824-43c8-a43f-b75ed2697fe0 with 7626d4ff-af92-46e4-a019-5b4967b7f55f
&amp#27;[35m[HTTP]&amp#27;[39m &amp#27;[37m<-- GET /wd/hub/session/7626d4ff-af92-46e4-a019-5b4967b7f55f/element/00000000-0000-0118-ffff-ffff0000004e/text &amp#27;[39m&amp#27;[32m200&amp#27;[39m &amp#27;[90m712 ms - 185&amp#27;[39m
&amp#27;[35m[HTTP]&amp#27;[39m &amp#27;[90m&amp#27;[39m
&amp#27;[35m[HTTP]&amp#27;[39m &amp#27;[37m-->&amp#27;[39m &amp#27;[37mPOST&amp#27;[39m &amp#27;[37m/wd/hub/session/7626d4ff-af92-46e4-a019-5b4967b7f55f/element&amp#27;[39m
&amp#27;[35m[HTTP]&amp#27;[39m &amp#27;[90m{"using":"id","value":"android:id/alertTitle"}&amp#27;[39m
[debug] &amp#27;[35m[W3C (7626d4ff)]&amp#27;[39m Calling AppiumDriver.findElement() with args: ["id","android:id/alertTitle","7626d4ff-af92-46e4-a019-5b4967b7f55f"]
[debug] &amp#27;[35m[BaseDriver]&amp#27;[39m Valid locator strategies for this request: xpath, id, class name, accessibility id, css selector, -android uiautomator
[debug] &amp#27;[35m[BaseDriver]&amp#27;[39m Waiting up to 3000 ms for condition
[debug] &amp#27;[35m[WD Proxy]&amp#27;[39m Matched '/element' to command name 'findElement'
[debug] &amp#27;[35m[WD Proxy]&amp#27;[39m Proxying [POST /element] to [POST http://127.0.0.1:8201/wd/hub/session/cd575594-9824-43c8-a43f-b75ed2697fe0/element] with body: {"strategy":"id","selector":"android:id/alertTitle","context":"","multiple":false}
&amp#27;[35m[WD Proxy]&amp#27;[39m Got response with status 404: {"sessionId":"cd575594-9824-43c8-a43f-b75ed2697fe0","value":{"error":"no such element","message":"An element could not be located on the page using the given search parameters","stacktrace":"io.appium.uiautomator2.common.exceptions.ElementNotFoundException: An element could not be located on the page using the given search parameters\n\tat io.appium.uiautomator2.handler.FindElement.safeHandle(FindElement.java:70)\n\tat io.appium.uiautomator2.handler.request.SafeRequestHandler.handle(SafeRequestHandler.java:59)\n\tat io.appium.uiautomator2.server.AppiumServlet.handleRequest(AppiumServlet.java:264)\n\tat io.appium.uiautomator2.server.AppiumServlet.handleHttpRequest(AppiumServlet.java:258)\n\tat io.appium.uiautomator2.http.ServerHandler.channelRead(ServerHandler.java:68)\n\tat io.netty.channel.AbstractChannelHandlerContext.invokeChannelRead(AbstractChannelHandlerContext.java:366)\n\tat io.netty.channel.AbstractChannelHandlerContext.invokeChannelRead(AbstractChannelHandlerContext.java:352)\n\tat io.netty.chann...
[debug] &amp#27;[35m[W3C]&amp#27;[39m Matched W3C error code 'no such element' to NoSuchElementError
[debug] &amp#27;[35m[BaseDriver]&amp#27;[39m Waited for 47 ms so far
[debug] &amp#27;[35m[WD Proxy]&amp#27;[39m Matched '/element' to command name 'findElement'
[debug] &amp#27;[35m[WD Proxy]&amp#27;[39m Proxying [POST /element] to [POST http://127.0.0.1:8201/wd/hub/session/cd575594-9824-43c8-a43f-b75ed2697fe0/element] with body: {"strategy":"id","selector":"android:id/alertTitle","context":"","multiple":false}
&amp#27;[35m[WD Proxy]&amp#27;[39m Got response with status 404: {"sessionId":"cd575594-9824-43c8-a43f-b75ed2697fe0","value":{"error":"no such element","message":"An element could not be located on the page using the given search parameters","stacktrace":"io.appium.uiautomator2.common.exceptions.ElementNotFoundException: An element could not be located on the page using the given search parameters\n\tat io.appium.uiautomator2.handler.FindElement.safeHandle(FindElement.java:70)\n\tat io.appium.uiautomator2.handler.request.SafeRequestHandler.handle(SafeRequestHandler.java:59)\n\tat io.appium.uiautomator2.server.AppiumServlet.handleRequest(AppiumServlet.java:264)\n\tat io.appium.uiautomator2.server.AppiumServlet.handleHttpRequest(AppiumServlet.java:258)\n\tat io.appium.uiautomator2.http.ServerHandler.channelRead(ServerHandler.java:68)\n\tat io.netty.channel.AbstractChannelHandlerContext.invokeChannelRead(AbstractChannelHandlerContext.java:366)\n\tat io.netty.channel.AbstractChannelHandlerContext.invokeChannelRead(AbstractChannelHandlerContext.java:352)\n\tat io.netty.chann...
[debug] &amp#27;[35m[W3C]&amp#27;[39m Matched W3C error code 'no such element' to NoSuchElementError
[debug] &amp#27;[35m[BaseDriver]&amp#27;[39m Waited for 593 ms so far
[debug] &amp#27;[35m[WD Proxy]&amp#27;[39m Matched '/element' to command name 'findElement'
[debug] &amp#27;[35m[WD Proxy]&amp#27;[39m Proxying [POST /element] to [POST http://127.0.0.1:8201/wd/hub/session/cd575594-9824-43c8-a43f-b75ed2697fe0/element] with body: {"strategy":"id","selector":"android:id/alertTitle","context":"","multiple":false}
[debug] &amp#27;[35m[WD Proxy]&amp#27;[39m Got response with status 200: {"sessionId":"cd575594-9824-43c8-a43f-b75ed2697fe0","value":{"ELEMENT":"00000000-0000-0119-ffff-ffff00000064","element-6066-11e4-a52e-4f735466cecf":"00000000-0000-0119-ffff-ffff00000064"}}
[debug] &amp#27;[35m[W3C (7626d4ff)]&amp#27;[39m Responding to client with driver.findElement() result: {"element-6066-11e4-a52e-4f735466cecf":"00000000-0000-0119-ffff-ffff00000064","ELEMENT":"00000000-0000-0119-ffff-ffff00000064"}
&amp#27;[35m[HTTP]&amp#27;[39m &amp#27;[37m<-- POST /wd/hub/session/7626d4ff-af92-46e4-a019-5b4967b7f55f/element &amp#27;[39m&amp#27;[32m200&amp#27;[39m &amp#27;[90m1378 ms - 137&amp#27;[39m
&amp#27;[35m[HTTP]&amp#27;[39m &amp#27;[90m&amp#27;[39m
&amp#27;[35m[HTTP]&amp#27;[39m &amp#27;[37m-->&amp#27;[39m &amp#27;[37mPOST&amp#27;[39m &amp#27;[37m/wd/hub/session/7626d4ff-af92-46e4-a019-5b4967b7f55f/element&amp#27;[39m
&amp#27;[35m[HTTP]&amp#27;[39m &amp#27;[90m{"using":"id","value":"android:id/alertTitle"}&amp#27;[39m
[debug] &amp#27;[35m[W3C (7626d4ff)]&amp#27;[39m Calling AppiumDriver.findElement() with args: ["id","android:id/alertTitle","7626d4ff-af92-46e4-a019-5b4967b7f55f"]
[debug] &amp#27;[35m[BaseDriver]&amp#27;[39m Valid locator strategies for this request: xpath, id, class name, accessibility id, css selector, -android uiautomator
[debug] &amp#27;[35m[BaseDriver]&amp#27;[39m Waiting up to 3000 ms for condition
[debug] &amp#27;[35m[WD Proxy]&amp#27;[39m Matched '/element' to command name 'findElement'
[debug] &amp#27;[35m[WD Proxy]&amp#27;[39m Proxying [POST /element] to [POST http://127.0.0.1:8201/wd/hub/session/cd575594-9824-43c8-a43f-b75ed2697fe0/element] with body: {"strategy":"id","selector":"android:id/alertTitle","context":"","multiple":false}
[debug] &amp#27;[35m[WD Proxy]&amp#27;[39m Got response with status 200: {"sessionId":"cd575594-9824-43c8-a43f-b75ed2697fe0","value":{"ELEMENT":"00000000-0000-0119-ffff-ffff00000064","element-6066-11e4-a52e-4f735466cecf":"00000000-0000-0119-ffff-ffff00000064"}}
[debug] &amp#27;[35m[W3C (7626d4ff)]&amp#27;[39m Responding to client with driver.findElement() result: {"element-6066-11e4-a52e-4f735466cecf":"00000000-0000-0119-ffff-ffff00000064","ELEMENT":"00000000-0000-0119-ffff-ffff00000064"}
&amp#27;[35m[HTTP]&amp#27;[39m &amp#27;[37m<-- POST /wd/hub/session/7626d4ff-af92-46e4-a019-5b4967b7f55f/element &amp#27;[39m&amp#27;[32m200&amp#27;[39m &amp#27;[90m19 ms - 137&amp#27;[39m
&amp#27;[35m[HTTP]&amp#27;[39m &amp#27;[90m&amp#27;[39m
&amp#27;[35m[HTTP]&amp#27;[39m &amp#27;[37m-->&amp#27;[39m &amp#27;[37mGET&amp#27;[39m &amp#27;[37m/wd/hub/session/7626d4ff-af92-46e4-a019-5b4967b7f55f/element/00000000-0000-0119-ffff-ffff00000064/text&amp#27;[39m
&amp#27;[35m[HTTP]&amp#27;[39m &amp#27;[90m{}&amp#27;[39m
&amp#27;[35m[W3C (7626d4ff)]&amp#27;[39m Driver proxy active, passing request on via HTTP proxy
[debug] &amp#27;[35m[WD Proxy]&amp#27;[39m Matched '/wd/hub/session/7626d4ff-af92-46e4-a019-5b4967b7f55f/element/00000000-0000-0119-ffff-ffff00000064/text' to command name 'getText'
[debug] &amp#27;[35m[WD Proxy]&amp#27;[39m Proxying [GET /wd/hub/session/7626d4ff-af92-46e4-a019-5b4967b7f55f/element/00000000-0000-0119-ffff-ffff00000064/text] to [GET http://127.0.0.1:8201/wd/hub/session/cd575594-9824-43c8-a43f-b75ed2697fe0/element/00000000-0000-0119-ffff-ffff00000064/text] with no body
[debug] &amp#27;[35m[WD Proxy]&amp#27;[39m Got response with status 200: {"sessionId":"cd575594-9824-43c8-a43f-b75ed2697fe0","value":"Success"}
&amp#27;[35m[WD Proxy]&amp#27;[39m Replacing sessionId cd575594-9824-43c8-a43f-b75ed2697fe0 with 7626d4ff-af92-46e4-a019-5b4967b7f55f
&amp#27;[35m[HTTP]&amp#27;[39m &amp#27;[37m<-- GET /wd/hub/session/7626d4ff-af92-46e4-a019-5b4967b7f55f/element/00000000-0000-0119-ffff-ffff00000064/text &amp#27;[39m&amp#27;[32m200&amp#27;[39m &amp#27;[90m14 ms - 70&amp#27;[39m
&amp#27;[35m[HTTP]&amp#27;[39m &amp#27;[90m&amp#27;[39m
]]></system-out>
    <system-err><![CDATA[Nov 27, 2021 7:04:40 AM io.appium.java_client.remote.AppiumCommandExecutor$1 lambda$0
INFO: Detected dialect: W3C
]]></system-err>
  </testcase>
</testsuite>